#
# A fatal error has been detected by the Java Runtime Environment:
#
#  Internal Error (javaClasses.cpp:139), pid=10245, tid=140459020576512
#  fatal error: Invalid layout of preloaded class
#
# JRE version:  (7.0_79-b14) (build )
# Java VM: OpenJDK 64-Bit Server VM (24.79-b02 mixed mode linux-amd64 compressed oops)
# Derivative: IcedTea 2.5.5
# Distribution: Ubuntu Vivid Vervet (development branch), package 7u79-2.5.5-0ubuntu1
# Failed to write core dump. Core dumps have been disabled. To enable core dumping, try "ulimit -c unlimited" before starting Java again
#
# If you would like to submit a bug report, please include
# instructions on how to reproduce the bug and visit:
#   http://icedtea.classpath.org/bugzilla
#

---------------  T H R E A D  ---------------

Current thread (0x00007fbf2000b000):  JavaThread "Unknown thread" [_thread_in_vm, id=10250, stack(0x00007fbf29f6e000,0x00007fbf2a06f000)]

Stack: [0x00007fbf29f6e000,0x00007fbf2a06f000],  sp=0x00007fbf2a06d940,  free space=1022k
Native frames: (J=compiled Java code, j=interpreted, Vv=VM code, C=native code)
V  [libjvm.so+0x98a0f6]  VMError::report_and_die()+0x186
V  [libjvm.so+0x48f822]  report_fatal(char const*, int, char const*)+0x62
V  [libjvm.so+0x5fe72f]  compute_offset(int&, klassOopDesc*, Symbol*, Symbol*, bool) [clone .constprop.60]+0xcf
V  [libjvm.so+0x5fe816]  java_lang_String::compute_offsets()+0x36
V  [libjvm.so+0x9081dc]  SystemDictionary::initialize_preloaded_classes(Thread*)+0xdc
V  [libjvm.so+0x9532f8]  Universe::genesis(Thread*)+0x468
V  [libjvm.so+0x953903]  universe2_init()+0x33
V  [libjvm.so+0x5b08b8]  init_globals()+0xb8
V  [libjvm.so+0x93556f]  Threads::create_vm(JavaVMInitArgs*, bool*)+0x36f
V  [libjvm.so+0x620b30]  JNI_CreateJavaVM+0x60
C  [libjli.so+0x2b8e]


---------------  P R O C E S S  ---------------

Java Threads: ( => current thread )

Other Threads:

=>0x00007fbf2000b000 (exited) JavaThread "Unknown thread" [_thread_in_vm, id=10250, stack(0x00007fbf29f6e000,0x00007fbf2a06f000)]

VM state:not at safepoint (not fully initialized)

VM Mutex/Monitor currently owned by a thread: None

GC Heap History (0 events):
No events

Deoptimization events (0 events):
No events

Internal exceptions (0 events):
No events

Events (10 events):
Event: 0.016 loading class 0x00007fbf24117710 done
Event: 0.017 loading class 0x00007fbf24117110 done
Event: 0.017 loading class 0x00007fbf241170f0
Event: 0.017 loading class 0x00007fbf2411f1e0
Event: 0.017 loading class 0x00007fbf2411f1e0 done
Event: 0.017 loading class 0x00007fbf2411f210
Event: 0.017 loading class 0x00007fbf2411f210 done
Event: 0.017 loading class 0x00007fbf2411f240
Event: 0.017 loading class 0x00007fbf2411f240 done
Event: 0.017 loading class 0x00007fbf241170f0 done


Dynamic libraries:
00400000-00401000 r-xp 00000000 08:01 274297                             /usr/lib/jvm/java-7-openjdk-amd64/jre/bin/java
00600000-00601000 r--p 00000000 08:01 274297                             /usr/lib/jvm/java-7-openjdk-amd64/jre/bin/java
00601000-00602000 rw-p 00001000 08:01 274297                             /usr/lib/jvm/java-7-openjdk-amd64/jre/bin/java
01034000-01055000 rw-p 00000000 00:00 0                                  [heap]
c3600000-c4b00000 rw-p 00000000 00:00 0 
c4b00000-cdc00000 rw-p 00000000 00:00 0 
cdc00000-cfd80000 rw-p 00000000 00:00 0 
cfd80000-ef400000 rw-p 00000000 00:00 0 
ef400000-f0500000 rw-p 00000000 00:00 0 
f0500000-100000000 rw-p 00000000 00:00 0 
7fbf08000000-7fbf08021000 rw-p 00000000 00:00 0 
7fbf08021000-7fbf0c000000 ---p 00000000 00:00 0 
7fbf0c000000-7fbf0c021000 rw-p 00000000 00:00 0 
7fbf0c021000-7fbf10000000 ---p 00000000 00:00 0 
7fbf10000000-7fbf10021000 rw-p 00000000 00:00 0 
7fbf10021000-7fbf14000000 ---p 00000000 00:00 0 
7fbf18000000-7fbf18021000 rw-p 00000000 00:00 0 
7fbf18021000-7fbf1c000000 ---p 00000000 00:00 0 
7fbf1cccc000-7fbf1cf05000 rw-p 00000000 00:00 0 
7fbf1cf05000-7fbf1cffa000 r--s 017dd000 08:01 2099472                    /home/maxlou/android-sdks/platforms/android-22/android.jar
7fbf1d000000-7fbf1d270000 rwxp 00000000 00:00 0 
7fbf1d270000-7fbf200a9000 rw-p 00000000 00:00 0 
7fbf200a9000-7fbf24000000 ---p 00000000 00:00 0 
7fbf240a1000-7fbf261a7000 rw-p 00000000 00:00 0 
7fbf261a7000-7fbf261a8000 ---p 00000000 00:00 0 
7fbf261a8000-7fbf262a8000 rw-p 00000000 00:00 0                          [stack:10254]
7fbf262a8000-7fbf262a9000 ---p 00000000 00:00 0 
7fbf262a9000-7fbf263a9000 rw-p 00000000 00:00 0                          [stack:10253]
7fbf263a9000-7fbf263aa000 ---p 00000000 00:00 0 
7fbf263aa000-7fbf264aa000 rw-p 00000000 00:00 0                          [stack:10252]
7fbf264aa000-7fbf264ab000 ---p 00000000 00:00 0 
7fbf264ab000-7fbf265b6000 rw-p 00000000 00:00 0                          [stack:10251]
7fbf265b6000-7fbf265fe000 rw-p 00000000 00:00 0 
7fbf265fe000-7fbf2660f000 rw-p 00000000 00:00 0 
7fbf2660f000-7fbf2670a000 rw-p 00000000 00:00 0 
7fbf2670a000-7fbf26715000 rw-p 00000000 00:00 0 
7fbf26715000-7fbf2675d000 rw-p 00000000 00:00 0 
7fbf2675d000-7fbf2676e000 rw-p 00000000 00:00 0 
7fbf2676e000-7fbf26869000 rw-p 00000000 00:00 0 
7fbf26869000-7fbf26872000 rw-p 00000000 00:00 0 
7fbf26872000-7fbf268ef000 rw-p 00000000 00:00 0 
7fbf268ef000-7fbf268f0000 rw-p 00000000 00:00 0 
7fbf268f0000-7fbf268f8000 r-xp 00000000 08:01 274256                     /usr/lib/jvm/java-7-openjdk-amd64/jre/lib/amd64/libzip.so
7fbf268f8000-7fbf26af7000 ---p 00008000 08:01 274256                     /usr/lib/jvm/java-7-openjdk-amd64/jre/lib/amd64/libzip.so
7fbf26af7000-7fbf26af8000 r--p 00007000 08:01 274256                     /usr/lib/jvm/java-7-openjdk-amd64/jre/lib/amd64/libzip.so
7fbf26af8000-7fbf26af9000 rw-p 00008000 08:01 274256                     /usr/lib/jvm/java-7-openjdk-amd64/jre/lib/amd64/libzip.so
7fbf26b00000-7fbf26b0c000 r-xp 00000000 08:01 3412247                    /lib/x86_64-linux-gnu/libnss_files-2.21.so
7fbf26b0c000-7fbf26d0b000 ---p 0000c000 08:01 3412247                    /lib/x86_64-linux-gnu/libnss_files-2.21.so
7fbf26d0b000-7fbf26d0c000 r--p 0000b000 08:01 3412247                    /lib/x86_64-linux-gnu/libnss_files-2.21.so
7fbf26d0c000-7fbf26d0d000 rw-p 0000c000 08:01 3412247                    /lib/x86_64-linux-gnu/libnss_files-2.21.so
7fbf26d10000-7fbf26d1b000 r-xp 00000000 08:01 3412257                    /lib/x86_64-linux-gnu/libnss_nis-2.21.so
7fbf26d1b000-7fbf26f1a000 ---p 0000b000 08:01 3412257                    /lib/x86_64-linux-gnu/libnss_nis-2.21.so
7fbf26f1a000-7fbf26f1b000 r--p 0000a000 08:01 3412257                    /lib/x86_64-linux-gnu/libnss_nis-2.21.so
7fbf26f1b000-7fbf26f1c000 rw-p 0000b000 08:01 3412257                    /lib/x86_64-linux-gnu/libnss_nis-2.21.so
7fbf26f20000-7fbf26f37000 r-xp 00000000 08:01 3412241                    /lib/x86_64-linux-gnu/libnsl-2.21.so
7fbf26f37000-7fbf27136000 ---p 00017000 08:01 3412241                    /lib/x86_64-linux-gnu/libnsl-2.21.so
7fbf27136000-7fbf27137000 r--p 00016000 08:01 3412241                    /lib/x86_64-linux-gnu/libnsl-2.21.so
7fbf27137000-7fbf27138000 rw-p 00017000 08:01 3412241                    /lib/x86_64-linux-gnu/libnsl-2.21.so
7fbf27138000-7fbf2713a000 rw-p 00000000 00:00 0 
7fbf27140000-7fbf27148000 r-xp 00000000 08:01 3412243                    /lib/x86_64-linux-gnu/libnss_compat-2.21.so
7fbf27148000-7fbf27347000 ---p 00008000 08:01 3412243                    /lib/x86_64-linux-gnu/libnss_compat-2.21.so
7fbf27347000-7fbf27348000 r--p 00007000 08:01 3412243                    /lib/x86_64-linux-gnu/libnss_compat-2.21.so
7fbf27348000-7fbf27349000 rw-p 00008000 08:01 3412243                    /lib/x86_64-linux-gnu/libnss_compat-2.21.so
7fbf27350000-7fbf2735a000 r-xp 00000000 08:01 274239                     /usr/lib/jvm/java-7-openjdk-amd64/jre/lib/amd64/libinstrument.so
7fbf2735a000-7fbf27559000 ---p 0000a000 08:01 274239                     /usr/lib/jvm/java-7-openjdk-amd64/jre/lib/amd64/libinstrument.so
7fbf27559000-7fbf2755a000 r--p 00009000 08:01 274239                     /usr/lib/jvm/java-7-openjdk-amd64/jre/lib/amd64/libinstrument.so
7fbf2755a000-7fbf2755b000 rw-p 0000a000 08:01 274239                     /usr/lib/jvm/java-7-openjdk-amd64/jre/lib/amd64/libinstrument.so
7fbf27560000-7fbf2758d000 r-xp 00000000 08:01 274267                     /usr/lib/jvm/java-7-openjdk-amd64/jre/lib/amd64/libjava.so
7fbf2758d000-7fbf2778c000 ---p 0002d000 08:01 274267                     /usr/lib/jvm/java-7-openjdk-amd64/jre/lib/amd64/libjava.so
7fbf2778c000-7fbf2778d000 r--p 0002c000 08:01 274267                     /usr/lib/jvm/java-7-openjdk-amd64/jre/lib/amd64/libjava.so
7fbf2778d000-7fbf2778f000 rw-p 0002d000 08:01 274267                     /usr/lib/jvm/java-7-openjdk-amd64/jre/lib/amd64/libjava.so
7fbf27790000-7fbf2779f000 r-xp 00000000 08:01 274259                     /usr/lib/jvm/java-7-openjdk-amd64/jre/lib/amd64/libverify.so
7fbf2779f000-7fbf2799e000 ---p 0000f000 08:01 274259                     /usr/lib/jvm/java-7-openjdk-amd64/jre/lib/amd64/libverify.so
7fbf2799e000-7fbf279a1000 r--p 0000e000 08:01 274259                     /usr/lib/jvm/java-7-openjdk-amd64/jre/lib/amd64/libverify.so
7fbf279a1000-7fbf279a2000 rw-p 00011000 08:01 274259                     /usr/lib/jvm/java-7-openjdk-amd64/jre/lib/amd64/libverify.so
7fbf279a8000-7fbf279af000 r-xp 00000000 08:01 3412302                    /lib/x86_64-linux-gnu/librt-2.21.so
7fbf279af000-7fbf27bae000 ---p 00007000 08:01 3412302                    /lib/x86_64-linux-gnu/librt-2.21.so
7fbf27bae000-7fbf27baf000 r--p 00006000 08:01 3412302                    /lib/x86_64-linux-gnu/librt-2.21.so
7fbf27baf000-7fbf27bb0000 rw-p 00007000 08:01 3412302                    /lib/x86_64-linux-gnu/librt-2.21.so
7fbf27bb0000-7fbf27bc6000 r-xp 00000000 08:01 3412190                    /lib/x86_64-linux-gnu/libgcc_s.so.1
7fbf27bc6000-7fbf27dc5000 ---p 00016000 08:01 3412190                    /lib/x86_64-linux-gnu/libgcc_s.so.1
7fbf27dc5000-7fbf27dc6000 rw-p 00015000 08:01 3412190                    /lib/x86_64-linux-gnu/libgcc_s.so.1
7fbf27dc8000-7fbf27ecf000 r-xp 00000000 08:01 3412220                    /lib/x86_64-linux-gnu/libm-2.21.so
7fbf27ecf000-7fbf280ce000 ---p 00107000 08:01 3412220                    /lib/x86_64-linux-gnu/libm-2.21.so
7fbf280ce000-7fbf280cf000 r--p 00106000 08:01 3412220                    /lib/x86_64-linux-gnu/libm-2.21.so
7fbf280cf000-7fbf280d0000 rw-p 00107000 08:01 3412220                    /lib/x86_64-linux-gnu/libm-2.21.so
7fbf280d0000-7fbf281c0000 r-xp 00000000 08:01 7349544                    /usr/lib/x86_64-linux-gnu/libstdc++.so.6.0.20
7fbf281c0000-7fbf283c0000 ---p 000f0000 08:01 7349544                    /usr/lib/x86_64-linux-gnu/libstdc++.so.6.0.20
7fbf283c0000-7fbf283c8000 r--p 000f0000 08:01 7349544                    /usr/lib/x86_64-linux-gnu/libstdc++.so.6.0.20
7fbf283c8000-7fbf283ca000 rw-p 000f8000 08:01 7349544                    /usr/lib/x86_64-linux-gnu/libstdc++.so.6.0.20
7fbf283ca000-7fbf283df000 rw-p 00000000 00:00 0 
7fbf283e0000-7fbf28f37000 r-xp 00000000 08:01 274244                     /usr/lib/jvm/java-7-openjdk-amd64/jre/lib/amd64/server/libjvm.so
7fbf28f37000-7fbf29136000 ---p 00b57000 08:01 274244                     /usr/lib/jvm/java-7-openjdk-amd64/jre/lib/amd64/server/libjvm.so
7fbf29136000-7fbf291d5000 r--p 00b56000 08:01 274244                     /usr/lib/jvm/java-7-openjdk-amd64/jre/lib/amd64/server/libjvm.so
7fbf291d5000-7fbf291f8000 rw-p 00bf5000 08:01 274244                     /usr/lib/jvm/java-7-openjdk-amd64/jre/lib/amd64/server/libjvm.so
7fbf291f8000-7fbf29225000 rw-p 00000000 00:00 0 
7fbf29228000-7fbf29241000 r-xp 00000000 08:01 3412335                    /lib/x86_64-linux-gnu/libz.so.1.2.8
7fbf29241000-7fbf29441000 ---p 00019000 08:01 3412335                    /lib/x86_64-linux-gnu/libz.so.1.2.8
7fbf29441000-7fbf29442000 r--p 00019000 08:01 3412335                    /lib/x86_64-linux-gnu/libz.so.1.2.8
7fbf29442000-7fbf29443000 rw-p 0001a000 08:01 3412335                    /lib/x86_64-linux-gnu/libz.so.1.2.8
7fbf29448000-7fbf29460000 r-xp 00000000 08:01 3412294                    /lib/x86_64-linux-gnu/libpthread-2.21.so
7fbf29460000-7fbf29660000 ---p 00018000 08:01 3412294                    /lib/x86_64-linux-gnu/libpthread-2.21.so
7fbf29660000-7fbf29661000 r--p 00018000 08:01 3412294                    /lib/x86_64-linux-gnu/libpthread-2.21.so
7fbf29661000-7fbf29662000 rw-p 00019000 08:01 3412294                    /lib/x86_64-linux-gnu/libpthread-2.21.so
7fbf29662000-7fbf29666000 rw-p 00000000 00:00 0 
7fbf29668000-7fbf2966b000 r-xp 00000000 08:01 3412178                    /lib/x86_64-linux-gnu/libdl-2.21.so
7fbf2966b000-7fbf2986a000 ---p 00003000 08:01 3412178                    /lib/x86_64-linux-gnu/libdl-2.21.so
7fbf2986a000-7fbf2986b000 r--p 00002000 08:01 3412178                    /lib/x86_64-linux-gnu/libdl-2.21.so
7fbf2986b000-7fbf2986c000 rw-p 00003000 08:01 3412178                    /lib/x86_64-linux-gnu/libdl-2.21.so
7fbf29870000-7fbf29a30000 r-xp 00000000 08:01 3412161                    /lib/x86_64-linux-gnu/libc-2.21.so
7fbf29a30000-7fbf29c30000 ---p 001c0000 08:01 3412161                    /lib/x86_64-linux-gnu/libc-2.21.so
7fbf29c30000-7fbf29c34000 r--p 001c0000 08:01 3412161                    /lib/x86_64-linux-gnu/libc-2.21.so
7fbf29c34000-7fbf29c36000 rw-p 001c4000 08:01 3412161                    /lib/x86_64-linux-gnu/libc-2.21.so
7fbf29c36000-7fbf29c3a000 rw-p 00000000 00:00 0 
7fbf29c40000-7fbf29c4d000 r-xp 00000000 08:01 274264                     /usr/lib/jvm/java-7-openjdk-amd64/jre/lib/amd64/jli/libjli.so
7fbf29c4d000-7fbf29e4c000 ---p 0000d000 08:01 274264                     /usr/lib/jvm/java-7-openjdk-amd64/jre/lib/amd64/jli/libjli.so
7fbf29e4c000-7fbf29e4d000 r--p 0000c000 08:01 274264                     /usr/lib/jvm/java-7-openjdk-amd64/jre/lib/amd64/jli/libjli.so
7fbf29e4d000-7fbf29e4e000 rw-p 0000d000 08:01 274264                     /usr/lib/jvm/java-7-openjdk-amd64/jre/lib/amd64/jli/libjli.so
7fbf29e50000-7fbf29e74000 r-xp 00000000 08:01 3412133                    /lib/x86_64-linux-gnu/ld-2.21.so
7fbf29e8d000-7fbf29eaa000 rw-p 00000000 00:00 0 
7fbf29eaa000-7fbf29f60000 rw-p 00000000 00:00 0 
7fbf29f60000-7fbf29f68000 rw-s 00000000 08:01 6947263                    /tmp/hsperfdata_maxlou/10245
7fbf29f6a000-7fbf29f6d000 rw-p 00000000 00:00 0 
7fbf29f6d000-7fbf29f6e000 r--p 00000000 00:00 0 
7fbf29f6e000-7fbf29f71000 ---p 00000000 00:00 0 
7fbf29f71000-7fbf2a073000 rw-p 00000000 00:00 0                          [stack:10250]
7fbf2a073000-7fbf2a074000 r--p 00023000 08:01 3412133                    /lib/x86_64-linux-gnu/ld-2.21.so
7fbf2a074000-7fbf2a075000 rw-p 00024000 08:01 3412133                    /lib/x86_64-linux-gnu/ld-2.21.so
7fbf2a075000-7fbf2a077000 rw-p 00000000 00:00 0 
7fbf2a077000-7fbf2a079000 rw-p 00000000 00:00 0 
7ffe70aae000-7ffe70acf000 rw-p 00000000 00:00 0                          [stack]
7ffe70b30000-7ffe70b32000 r--p 00000000 00:00 0                          [vvar]
7ffe70b32000-7ffe70b34000 r-xp 00000000 00:00 0                          [vdso]
ffffffffff600000-ffffffffff601000 r-xp 00000000 00:00 0                  [vsyscall]

VM Arguments:
jvm_args: -javaagent:/usr/share/java/jayatanaag.jar -Dfile.encoding=UTF-8 -Xbootclasspath:/home/maxlou/android-sdks/platforms/android-22/android.jar 
java_command: test.Test
Launcher Type: SUN_STANDARD

Environment Variables:
JAVA_TOOL_OPTIONS=-javaagent:/usr/share/java/jayatanaag.jar 
PATH=/usr/local/sbin:/usr/local/bin:/usr/sbin:/usr/bin:/sbin:/bin:/usr/games:/usr/local/games
SHELL=/bin/bash
DISPLAY=:0

Signal Handlers:
SIGSEGV: [libjvm.so+0x98abe0], sa_mask[0]=0x7ffbfeff, sa_flags=0x10000004
SIGBUS: [libjvm.so+0x98abe0], sa_mask[0]=0x7ffbfeff, sa_flags=0x10000004
SIGFPE: [libjvm.so+0x7f8a60], sa_mask[0]=0x7ffbfeff, sa_flags=0x10000004
SIGPIPE: [libjvm.so+0x7f8a60], sa_mask[0]=0x7ffbfeff, sa_flags=0x10000004
SIGXFSZ: [libjvm.so+0x7f8a60], sa_mask[0]=0x7ffbfeff, sa_flags=0x10000004
SIGILL: [libjvm.so+0x7f8a60], sa_mask[0]=0x7ffbfeff, sa_flags=0x10000004
SIGUSR1: SIG_DFL, sa_mask[0]=0x00000000, sa_flags=0x00000000
SIGUSR2: [libjvm.so+0x7f88e0], sa_mask[0]=0x00000004, sa_flags=0x10000004
SIGHUP: SIG_DFL, sa_mask[0]=0x00000000, sa_flags=0x00000000
SIGINT: SIG_DFL, sa_mask[0]=0x00000000, sa_flags=0x00000000
SIGTERM: SIG_DFL, sa_mask[0]=0x00000000, sa_flags=0x00000000
SIGQUIT: SIG_DFL, sa_mask[0]=0x00000000, sa_flags=0x00000000
SIGTRAP: SIG_DFL, sa_mask[0]=0x00000000, sa_flags=0x00000000


---------------  S Y S T E M  ---------------

OS:Ubuntu 15.04 (vivid)
uname:Linux 3.19.0-16-generic #16-Ubuntu SMP Thu Apr 30 16:09:58 UTC 2015 x86_64
libc:glibc 2.21 NPTL 2.21 
rlimit: STACK 8192k, CORE 0k, NPROC 12745, NOFILE 65536, AS infinity
load average:0.62 0.56 0.51

/proc/meminfo:
MemTotal:        3285176 kB
MemFree:          167188 kB
MemAvailable:    1214820 kB
Buffers:          130832 kB
Cached:          1074384 kB
SwapCached:          652 kB
Active:          2110764 kB
Inactive:         802024 kB
Active(anon):    1418024 kB
Inactive(anon):   309532 kB
Active(file):     692740 kB
Inactive(file):   492492 kB
Unevictable:          32 kB
Mlocked:              32 kB
SwapTotal:       3485692 kB
SwapFree:        3484312 kB
Dirty:               272 kB
Writeback:             0 kB
AnonPages:       1707068 kB
Mapped:           368612 kB
Shmem:             19984 kB
Slab:              95936 kB
SReclaimable:      62656 kB
SUnreclaim:        33280 kB
KernelStack:        8672 kB
PageTables:        33304 kB
NFS_Unstable:          0 kB
Bounce:                0 kB
WritebackTmp:          0 kB
CommitLimit:     5128280 kB
Committed_AS:    5023320 kB
VmallocTotal:   34359738367 kB
VmallocUsed:       96336 kB
VmallocChunk:   34359639020 kB
HardwareCorrupted:     0 kB
AnonHugePages:    780288 kB
CmaTotal:              0 kB
CmaFree:               0 kB
HugePages_Total:       0
HugePages_Free:        0
HugePages_Rsvd:        0
HugePages_Surp:        0
Hugepagesize:       2048 kB
DirectMap4k:      196500 kB
DirectMap2M:     3291136 kB
DirectMap1G:           0 kB


CPU:total 4 (4 cores per cpu, 1 threads per core) family 21 model 48 stepping 1, cmov, cx8, fxsr, mmx, sse, sse2, sse3, ssse3, sse4.1, sse4.2, popcnt, avx, aes, mmxext, 3dnowpref, lzcnt, sse4a, tsc, tscinvbit, tscinv

/proc/cpuinfo:
processor	: 0
vendor_id	: AuthenticAMD
cpu family	: 21
model		: 48
model name	: AMD A8-7100 Radeon R5, 8 Compute Cores 4C+4G
stepping	: 1
microcode	: 0x6003104
cpu MHz		: 1800.000
cache size	: 2048 KB
physical id	: 0
siblings	: 4
core id		: 0
cpu cores	: 4
apicid		: 16
initial apicid	: 0
fpu		: yes
fpu_exception	: yes
cpuid level	: 13
wp		: yes
flags		: fpu vme de pse tsc msr pae mce cx8 apic sep mtrr pge mca cmov pat pse36 clflush mmx fxsr sse sse2 ht syscall nx mmxext fxsr_opt pdpe1gb rdtscp lm constant_tsc rep_good nopl nonstop_tsc extd_apicid aperfmperf eagerfpu pni pclmulqdq monitor ssse3 fma cx16 sse4_1 sse4_2 popcnt aes xsave avx f16c lahf_lm cmp_legacy svm extapic cr8_legacy abm sse4a misalignsse 3dnowprefetch osvw ibs xop skinit wdt lwp fma4 tce nodeid_msr tbm perfctr_core perfctr_nb arat cpb hw_pstate npt lbrv svm_lock nrip_save tsc_scale vmcb_clean flushbyasid decodeassists pausefilter pfthreshold vmmcall fsgsbase bmi1 xsaveopt
bugs		: fxsave_leak
bogomips	: 3593.38
TLB size	: 1536 4K pages
clflush size	: 64
cache_alignment	: 64
address sizes	: 48 bits physical, 48 bits virtual
power management: ts ttp tm 100mhzsteps hwpstate cpb eff_freq_ro [13]

processor	: 1
vendor_id	: AuthenticAMD
cpu family	: 21
model		: 48
model name	: AMD A8-7100 Radeon R5, 8 Compute Cores 4C+4G   
stepping	: 1
microcode	: 0x6003104
cpu MHz		: 1400.000
cache size	: 2048 KB
physical id	: 0
siblings	: 4
core id		: 1
cpu cores	: 4
apicid		: 17
initial apicid	: 1
fpu		: yes
fpu_exception	: yes
cpuid level	: 13
wp		: yes
flags		: fpu vme de pse tsc msr pae mce cx8 apic sep mtrr pge mca cmov pat pse36 clflush mmx fxsr sse sse2 ht syscall nx mmxext fxsr_opt pdpe1gb rdtscp lm constant_tsc rep_good nopl nonstop_tsc extd_apicid aperfmperf eagerfpu pni pclmulqdq monitor ssse3 fma cx16 sse4_1 sse4_2 popcnt aes xsave avx f16c lahf_lm cmp_legacy svm extapic cr8_legacy abm sse4a misalignsse 3dnowprefetch osvw ibs xop skinit wdt lwp fma4 tce nodeid_msr tbm perfctr_core perfctr_nb arat cpb hw_pstate npt lbrv svm_lock nrip_save tsc_scale vmcb_clean flushbyasid decodeassists pausefilter pfthreshold vmmcall fsgsbase bmi1 xsaveopt
bugs		: fxsave_leak
bogomips	: 3593.38
TLB size	: 1536 4K pages
clflush size	: 64
cache_alignment	: 64
address sizes	: 48 bits physical, 48 bits virtual
power management: ts ttp tm 100mhzsteps hwpstate cpb eff_freq_ro [13]

processor	: 2
vendor_id	: AuthenticAMD
cpu family	: 21
model		: 48
model name	: AMD A8-7100 Radeon R5, 8 Compute Cores 4C+4G   
stepping	: 1
microcode	: 0x6003104
cpu MHz		: 1400.000
cache size	: 2048 KB
physical id	: 0
siblings	: 4
core id		: 2
cpu cores	: 4
apicid		: 18
initial apicid	: 2
fpu		: yes
fpu_exception	: yes
cpuid level	: 13
wp		: yes
flags		: fpu vme de pse tsc msr pae mce cx8 apic sep mtrr pge mca cmov pat pse36 clflush mmx fxsr sse sse2 ht syscall nx mmxext fxsr_opt pdpe1gb rdtscp lm constant_tsc rep_good nopl nonstop_tsc extd_apicid aperfmperf eagerfpu pni pclmulqdq monitor ssse3 fma cx16 sse4_1 sse4_2 popcnt aes xsave avx f16c lahf_lm cmp_legacy svm extapic cr8_legacy abm sse4a misalignsse 3dnowprefetch osvw ibs xop skinit wdt lwp fma4 tce nodeid_msr tbm perfctr_core perfctr_nb arat cpb hw_pstate npt lbrv svm_lock nrip_save tsc_scale vmcb_clean flushbyasid decodeassists pausefilter pfthreshold vmmcall fsgsbase bmi1 xsaveopt
bugs		: fxsave_leak
bogomips	: 3593.38
TLB size	: 1536 4K pages
clflush size	: 64
cache_alignment	: 64
address sizes	: 48 bits physical, 48 bits virtual
power management: ts ttp tm 100mhzsteps hwpstate cpb eff_freq_ro [13]

processor	: 3
vendor_id	: AuthenticAMD
cpu family	: 21
model		: 48
model name	: AMD A8-7100 Radeon R5, 8 Compute Cores 4C+4G   
stepping	: 1
microcode	: 0x6003104
cpu MHz		: 1600.000
cache size	: 2048 KB
physical id	: 0
siblings	: 4
core id		: 3
cpu cores	: 4
apicid		: 19
initial apicid	: 3
fpu		: yes
fpu_exception	: yes
cpuid level	: 13
wp		: yes
flags		: fpu vme de pse tsc msr pae mce cx8 apic sep mtrr pge mca cmov pat pse36 clflush mmx fxsr sse sse2 ht syscall nx mmxext fxsr_opt pdpe1gb rdtscp lm constant_tsc rep_good nopl nonstop_tsc extd_apicid aperfmperf eagerfpu pni pclmulqdq monitor ssse3 fma cx16 sse4_1 sse4_2 popcnt aes xsave avx f16c lahf_lm cmp_legacy svm extapic cr8_legacy abm sse4a misalignsse 3dnowprefetch osvw ibs xop skinit wdt lwp fma4 tce nodeid_msr tbm perfctr_core perfctr_nb arat cpb hw_pstate npt lbrv svm_lock nrip_save tsc_scale vmcb_clean flushbyasid decodeassists pausefilter pfthreshold vmmcall fsgsbase bmi1 xsaveopt
bugs		: fxsave_leak
bogomips	: 3593.38
TLB size	: 1536 4K pages
clflush size	: 64
cache_alignment	: 64
address sizes	: 48 bits physical, 48 bits virtual
power management: ts ttp tm 100mhzsteps hwpstate cpb eff_freq_ro [13]



Memory: 4k page, physical 3285176k(167188k free), swap 3485692k(3484312k free)

vm_info: OpenJDK 64-Bit Server VM (24.79-b02) for linux-amd64 JRE (1.7.0_79-b14), built on Apr 15 2015 21:06:31 by "buildd" with gcc 4.9.2

time: Fri May 22 18:41:49 2015
elapsed time: 0 seconds

