#
# A fatal error has been detected by the Java Runtime Environment:
#
#  Internal Error (javaClasses.cpp:139), pid=10230, tid=139693397026560
#  fatal error: Invalid layout of preloaded class
#
# JRE version:  (7.0_79-b14) (build )
# Java VM: OpenJDK 64-Bit Server VM (24.79-b02 mixed mode linux-amd64 compressed oops)
# Derivative: IcedTea 2.5.5
# Distribution: Ubuntu Vivid Vervet (development branch), package 7u79-2.5.5-0ubuntu1
# Failed to write core dump. Core dumps have been disabled. To enable core dumping, try "ulimit -c unlimited" before starting Java again
#
# If you would like to submit a bug report, please include
# instructions on how to reproduce the bug and visit:
#   http://icedtea.classpath.org/bugzilla
#

---------------  T H R E A D  ---------------

Current thread (0x00007f0ce000b000):  JavaThread "Unknown thread" [_thread_in_vm, id=10235, stack(0x00007f0ce73ea000,0x00007f0ce74eb000)]

Stack: [0x00007f0ce73ea000,0x00007f0ce74eb000],  sp=0x00007f0ce74e9940,  free space=1022k
Native frames: (J=compiled Java code, j=interpreted, Vv=VM code, C=native code)
V  [libjvm.so+0x98a0f6]  VMError::report_and_die()+0x186
V  [libjvm.so+0x48f822]  report_fatal(char const*, int, char const*)+0x62
V  [libjvm.so+0x5fe72f]  compute_offset(int&, klassOopDesc*, Symbol*, Symbol*, bool) [clone .constprop.60]+0xcf
V  [libjvm.so+0x5fe816]  java_lang_String::compute_offsets()+0x36
V  [libjvm.so+0x9081dc]  SystemDictionary::initialize_preloaded_classes(Thread*)+0xdc
V  [libjvm.so+0x9532f8]  Universe::genesis(Thread*)+0x468
V  [libjvm.so+0x953903]  universe2_init()+0x33
V  [libjvm.so+0x5b08b8]  init_globals()+0xb8
V  [libjvm.so+0x93556f]  Threads::create_vm(JavaVMInitArgs*, bool*)+0x36f
V  [libjvm.so+0x620b30]  JNI_CreateJavaVM+0x60
C  [libjli.so+0x2b8e]


---------------  P R O C E S S  ---------------

Java Threads: ( => current thread )

Other Threads:

=>0x00007f0ce000b000 (exited) JavaThread "Unknown thread" [_thread_in_vm, id=10235, stack(0x00007f0ce73ea000,0x00007f0ce74eb000)]

VM state:not at safepoint (not fully initialized)

VM Mutex/Monitor currently owned by a thread: None

GC Heap History (0 events):
No events

Deoptimization events (0 events):
No events

Internal exceptions (0 events):
No events

Events (10 events):
Event: 0.016 loading class 0x00007f0cdc3b6710 done
Event: 0.017 loading class 0x00007f0cdc3b6110 done
Event: 0.017 loading class 0x00007f0cdc3b60f0
Event: 0.017 loading class 0x00007f0cdc3be1e0
Event: 0.017 loading class 0x00007f0cdc3be1e0 done
Event: 0.017 loading class 0x00007f0cdc3be210
Event: 0.017 loading class 0x00007f0cdc3be210 done
Event: 0.017 loading class 0x00007f0cdc3be240
Event: 0.017 loading class 0x00007f0cdc3be240 done
Event: 0.017 loading class 0x00007f0cdc3b60f0 done


Dynamic libraries:
00400000-00401000 r-xp 00000000 08:01 274297                             /usr/lib/jvm/java-7-openjdk-amd64/jre/bin/java
00600000-00601000 r--p 00000000 08:01 274297                             /usr/lib/jvm/java-7-openjdk-amd64/jre/bin/java
00601000-00602000 rw-p 00001000 08:01 274297                             /usr/lib/jvm/java-7-openjdk-amd64/jre/bin/java
0201e000-0203f000 rw-p 00000000 00:00 0                                  [heap]
c3600000-c4b00000 rw-p 00000000 00:00 0 
c4b00000-cdc00000 rw-p 00000000 00:00 0 
cdc00000-cfd80000 rw-p 00000000 00:00 0 
cfd80000-ef400000 rw-p 00000000 00:00 0 
ef400000-f0500000 rw-p 00000000 00:00 0 
f0500000-100000000 rw-p 00000000 00:00 0 
7f0cc0000000-7f0cc0021000 rw-p 00000000 00:00 0 
7f0cc0021000-7f0cc4000000 ---p 00000000 00:00 0 
7f0cc8000000-7f0cc8021000 rw-p 00000000 00:00 0 
7f0cc8021000-7f0ccc000000 ---p 00000000 00:00 0 
7f0cd0000000-7f0cd0021000 rw-p 00000000 00:00 0 
7f0cd0021000-7f0cd4000000 ---p 00000000 00:00 0 
7f0cd61b0000-7f0cd8000000 rw-p 00000000 00:00 0 
7f0cd8000000-7f0cd8021000 rw-p 00000000 00:00 0 
7f0cd8021000-7f0cdc000000 ---p 00000000 00:00 0 
7f0cdc00c000-7f0cdc245000 rw-p 00000000 00:00 0 
7f0cdc245000-7f0cdc33a000 r--s 017dd000 08:01 2099472                    /home/maxlou/android-sdks/platforms/android-22/android.jar
7f0cdc340000-7f0cdc5f6000 rw-p 00000000 00:00 0 
7f0cdc5f6000-7f0cdc5f7000 ---p 00000000 00:00 0 
7f0cdc5f7000-7f0cdc6f7000 rw-p 00000000 00:00 0                          [stack:10239]
7f0cdc6f7000-7f0cdc6f8000 ---p 00000000 00:00 0 
7f0cdc6f8000-7f0cdc7f8000 rw-p 00000000 00:00 0                          [stack:10238]
7f0cdc7f8000-7f0cdc7f9000 ---p 00000000 00:00 0 
7f0cdc7f9000-7f0cdc8f9000 rw-p 00000000 00:00 0                          [stack:10237]
7f0cdc8f9000-7f0cdc8fa000 ---p 00000000 00:00 0 
7f0cdc8fa000-7f0cdca05000 rw-p 00000000 00:00 0                          [stack:10236]
7f0cdca05000-7f0cdca4d000 rw-p 00000000 00:00 0 
7f0cdca4d000-7f0cdca5e000 rw-p 00000000 00:00 0 
7f0cdca5e000-7f0cdcb59000 rw-p 00000000 00:00 0 
7f0cdcb59000-7f0cdcb62000 rw-p 00000000 00:00 0 
7f0cdcb62000-7f0cdcbdf000 rw-p 00000000 00:00 0 
7f0cdcbdf000-7f0cdcbe0000 rw-p 00000000 00:00 0 
7f0cdcbe0000-7f0cdce50000 rwxp 00000000 00:00 0 
7f0cdce50000-7f0cdfbe0000 rw-p 00000000 00:00 0 
7f0cdfbe0000-7f0cdfbe8000 r-xp 00000000 08:01 274256                     /usr/lib/jvm/java-7-openjdk-amd64/jre/lib/amd64/libzip.so
7f0cdfbe8000-7f0cdfde7000 ---p 00008000 08:01 274256                     /usr/lib/jvm/java-7-openjdk-amd64/jre/lib/amd64/libzip.so
7f0cdfde7000-7f0cdfde8000 r--p 00007000 08:01 274256                     /usr/lib/jvm/java-7-openjdk-amd64/jre/lib/amd64/libzip.so
7f0cdfde8000-7f0cdfde9000 rw-p 00008000 08:01 274256                     /usr/lib/jvm/java-7-openjdk-amd64/jre/lib/amd64/libzip.so
7f0cdfdf0000-7f0cdfdfc000 r-xp 00000000 08:01 3412247                    /lib/x86_64-linux-gnu/libnss_files-2.21.so
7f0cdfdfc000-7f0cdfffb000 ---p 0000c000 08:01 3412247                    /lib/x86_64-linux-gnu/libnss_files-2.21.so
7f0cdfffb000-7f0cdfffc000 r--p 0000b000 08:01 3412247                    /lib/x86_64-linux-gnu/libnss_files-2.21.so
7f0cdfffc000-7f0cdfffd000 rw-p 0000c000 08:01 3412247                    /lib/x86_64-linux-gnu/libnss_files-2.21.so
7f0ce0000000-7f0ce00a9000 rw-p 00000000 00:00 0 
7f0ce00a9000-7f0ce4000000 ---p 00000000 00:00 0 
7f0ce4029000-7f0ce4034000 rw-p 00000000 00:00 0 
7f0ce4034000-7f0ce407c000 rw-p 00000000 00:00 0 
7f0ce407c000-7f0ce408d000 rw-p 00000000 00:00 0 
7f0ce408d000-7f0ce4188000 rw-p 00000000 00:00 0 
7f0ce4188000-7f0ce4193000 r-xp 00000000 08:01 3412257                    /lib/x86_64-linux-gnu/libnss_nis-2.21.so
7f0ce4193000-7f0ce4392000 ---p 0000b000 08:01 3412257                    /lib/x86_64-linux-gnu/libnss_nis-2.21.so
7f0ce4392000-7f0ce4393000 r--p 0000a000 08:01 3412257                    /lib/x86_64-linux-gnu/libnss_nis-2.21.so
7f0ce4393000-7f0ce4394000 rw-p 0000b000 08:01 3412257                    /lib/x86_64-linux-gnu/libnss_nis-2.21.so
7f0ce4398000-7f0ce43af000 r-xp 00000000 08:01 3412241                    /lib/x86_64-linux-gnu/libnsl-2.21.so
7f0ce43af000-7f0ce45ae000 ---p 00017000 08:01 3412241                    /lib/x86_64-linux-gnu/libnsl-2.21.so
7f0ce45ae000-7f0ce45af000 r--p 00016000 08:01 3412241                    /lib/x86_64-linux-gnu/libnsl-2.21.so
7f0ce45af000-7f0ce45b0000 rw-p 00017000 08:01 3412241                    /lib/x86_64-linux-gnu/libnsl-2.21.so
7f0ce45b0000-7f0ce45b2000 rw-p 00000000 00:00 0 
7f0ce45b8000-7f0ce45c0000 r-xp 00000000 08:01 3412243                    /lib/x86_64-linux-gnu/libnss_compat-2.21.so
7f0ce45c0000-7f0ce47bf000 ---p 00008000 08:01 3412243                    /lib/x86_64-linux-gnu/libnss_compat-2.21.so
7f0ce47bf000-7f0ce47c0000 r--p 00007000 08:01 3412243                    /lib/x86_64-linux-gnu/libnss_compat-2.21.so
7f0ce47c0000-7f0ce47c1000 rw-p 00008000 08:01 3412243                    /lib/x86_64-linux-gnu/libnss_compat-2.21.so
7f0ce47c8000-7f0ce47d2000 r-xp 00000000 08:01 274239                     /usr/lib/jvm/java-7-openjdk-amd64/jre/lib/amd64/libinstrument.so
7f0ce47d2000-7f0ce49d1000 ---p 0000a000 08:01 274239                     /usr/lib/jvm/java-7-openjdk-amd64/jre/lib/amd64/libinstrument.so
7f0ce49d1000-7f0ce49d2000 r--p 00009000 08:01 274239                     /usr/lib/jvm/java-7-openjdk-amd64/jre/lib/amd64/libinstrument.so
7f0ce49d2000-7f0ce49d3000 rw-p 0000a000 08:01 274239                     /usr/lib/jvm/java-7-openjdk-amd64/jre/lib/amd64/libinstrument.so
7f0ce49d8000-7f0ce4a05000 r-xp 00000000 08:01 274267                     /usr/lib/jvm/java-7-openjdk-amd64/jre/lib/amd64/libjava.so
7f0ce4a05000-7f0ce4c04000 ---p 0002d000 08:01 274267                     /usr/lib/jvm/java-7-openjdk-amd64/jre/lib/amd64/libjava.so
7f0ce4c04000-7f0ce4c05000 r--p 0002c000 08:01 274267                     /usr/lib/jvm/java-7-openjdk-amd64/jre/lib/amd64/libjava.so
7f0ce4c05000-7f0ce4c07000 rw-p 0002d000 08:01 274267                     /usr/lib/jvm/java-7-openjdk-amd64/jre/lib/amd64/libjava.so
7f0ce4c08000-7f0ce4c17000 r-xp 00000000 08:01 274259                     /usr/lib/jvm/java-7-openjdk-amd64/jre/lib/amd64/libverify.so
7f0ce4c17000-7f0ce4e16000 ---p 0000f000 08:01 274259                     /usr/lib/jvm/java-7-openjdk-amd64/jre/lib/amd64/libverify.so
7f0ce4e16000-7f0ce4e19000 r--p 0000e000 08:01 274259                     /usr/lib/jvm/java-7-openjdk-amd64/jre/lib/amd64/libverify.so
7f0ce4e19000-7f0ce4e1a000 rw-p 00011000 08:01 274259                     /usr/lib/jvm/java-7-openjdk-amd64/jre/lib/amd64/libverify.so
7f0ce4e20000-7f0ce4e27000 r-xp 00000000 08:01 3412302                    /lib/x86_64-linux-gnu/librt-2.21.so
7f0ce4e27000-7f0ce5026000 ---p 00007000 08:01 3412302                    /lib/x86_64-linux-gnu/librt-2.21.so
7f0ce5026000-7f0ce5027000 r--p 00006000 08:01 3412302                    /lib/x86_64-linux-gnu/librt-2.21.so
7f0ce5027000-7f0ce5028000 rw-p 00007000 08:01 3412302                    /lib/x86_64-linux-gnu/librt-2.21.so
7f0ce5028000-7f0ce503e000 r-xp 00000000 08:01 3412190                    /lib/x86_64-linux-gnu/libgcc_s.so.1
7f0ce503e000-7f0ce523d000 ---p 00016000 08:01 3412190                    /lib/x86_64-linux-gnu/libgcc_s.so.1
7f0ce523d000-7f0ce523e000 rw-p 00015000 08:01 3412190                    /lib/x86_64-linux-gnu/libgcc_s.so.1
7f0ce5240000-7f0ce5347000 r-xp 00000000 08:01 3412220                    /lib/x86_64-linux-gnu/libm-2.21.so
7f0ce5347000-7f0ce5546000 ---p 00107000 08:01 3412220                    /lib/x86_64-linux-gnu/libm-2.21.so
7f0ce5546000-7f0ce5547000 r--p 00106000 08:01 3412220                    /lib/x86_64-linux-gnu/libm-2.21.so
7f0ce5547000-7f0ce5548000 rw-p 00107000 08:01 3412220                    /lib/x86_64-linux-gnu/libm-2.21.so
7f0ce5548000-7f0ce5638000 r-xp 00000000 08:01 7349544                    /usr/lib/x86_64-linux-gnu/libstdc++.so.6.0.20
7f0ce5638000-7f0ce5838000 ---p 000f0000 08:01 7349544                    /usr/lib/x86_64-linux-gnu/libstdc++.so.6.0.20
7f0ce5838000-7f0ce5840000 r--p 000f0000 08:01 7349544                    /usr/lib/x86_64-linux-gnu/libstdc++.so.6.0.20
7f0ce5840000-7f0ce5842000 rw-p 000f8000 08:01 7349544                    /usr/lib/x86_64-linux-gnu/libstdc++.so.6.0.20
7f0ce5842000-7f0ce5857000 rw-p 00000000 00:00 0 
7f0ce5858000-7f0ce63af000 r-xp 00000000 08:01 274244                     /usr/lib/jvm/java-7-openjdk-amd64/jre/lib/amd64/server/libjvm.so
7f0ce63af000-7f0ce65ae000 ---p 00b57000 08:01 274244                     /usr/lib/jvm/java-7-openjdk-amd64/jre/lib/amd64/server/libjvm.so
7f0ce65ae000-7f0ce664d000 r--p 00b56000 08:01 274244                     /usr/lib/jvm/java-7-openjdk-amd64/jre/lib/amd64/server/libjvm.so
7f0ce664d000-7f0ce6670000 rw-p 00bf5000 08:01 274244                     /usr/lib/jvm/java-7-openjdk-amd64/jre/lib/amd64/server/libjvm.so
7f0ce6670000-7f0ce669d000 rw-p 00000000 00:00 0 
7f0ce66a0000-7f0ce66b9000 r-xp 00000000 08:01 3412335                    /lib/x86_64-linux-gnu/libz.so.1.2.8
7f0ce66b9000-7f0ce68b9000 ---p 00019000 08:01 3412335                    /lib/x86_64-linux-gnu/libz.so.1.2.8
7f0ce68b9000-7f0ce68ba000 r--p 00019000 08:01 3412335                    /lib/x86_64-linux-gnu/libz.so.1.2.8
7f0ce68ba000-7f0ce68bb000 rw-p 0001a000 08:01 3412335                    /lib/x86_64-linux-gnu/libz.so.1.2.8
7f0ce68c0000-7f0ce68d8000 r-xp 00000000 08:01 3412294                    /lib/x86_64-linux-gnu/libpthread-2.21.so
7f0ce68d8000-7f0ce6ad8000 ---p 00018000 08:01 3412294                    /lib/x86_64-linux-gnu/libpthread-2.21.so
7f0ce6ad8000-7f0ce6ad9000 r--p 00018000 08:01 3412294                    /lib/x86_64-linux-gnu/libpthread-2.21.so
7f0ce6ad9000-7f0ce6ada000 rw-p 00019000 08:01 3412294                    /lib/x86_64-linux-gnu/libpthread-2.21.so
7f0ce6ada000-7f0ce6ade000 rw-p 00000000 00:00 0 
7f0ce6ae0000-7f0ce6ae3000 r-xp 00000000 08:01 3412178                    /lib/x86_64-linux-gnu/libdl-2.21.so
7f0ce6ae3000-7f0ce6ce2000 ---p 00003000 08:01 3412178                    /lib/x86_64-linux-gnu/libdl-2.21.so
7f0ce6ce2000-7f0ce6ce3000 r--p 00002000 08:01 3412178                    /lib/x86_64-linux-gnu/libdl-2.21.so
7f0ce6ce3000-7f0ce6ce4000 rw-p 00003000 08:01 3412178                    /lib/x86_64-linux-gnu/libdl-2.21.so
7f0ce6ce8000-7f0ce6ea8000 r-xp 00000000 08:01 3412161                    /lib/x86_64-linux-gnu/libc-2.21.so
7f0ce6ea8000-7f0ce70a8000 ---p 001c0000 08:01 3412161                    /lib/x86_64-linux-gnu/libc-2.21.so
7f0ce70a8000-7f0ce70ac000 r--p 001c0000 08:01 3412161                    /lib/x86_64-linux-gnu/libc-2.21.so
7f0ce70ac000-7f0ce70ae000 rw-p 001c4000 08:01 3412161                    /lib/x86_64-linux-gnu/libc-2.21.so
7f0ce70ae000-7f0ce70b2000 rw-p 00000000 00:00 0 
7f0ce70b8000-7f0ce70c5000 r-xp 00000000 08:01 274264                     /usr/lib/jvm/java-7-openjdk-amd64/jre/lib/amd64/jli/libjli.so
7f0ce70c5000-7f0ce72c4000 ---p 0000d000 08:01 274264                     /usr/lib/jvm/java-7-openjdk-amd64/jre/lib/amd64/jli/libjli.so
7f0ce72c4000-7f0ce72c5000 r--p 0000c000 08:01 274264                     /usr/lib/jvm/java-7-openjdk-amd64/jre/lib/amd64/jli/libjli.so
7f0ce72c5000-7f0ce72c6000 rw-p 0000d000 08:01 274264                     /usr/lib/jvm/java-7-openjdk-amd64/jre/lib/amd64/jli/libjli.so
7f0ce72c8000-7f0ce72ec000 r-xp 00000000 08:01 3412133                    /lib/x86_64-linux-gnu/ld-2.21.so
7f0ce730b000-7f0ce732a000 rw-p 00000000 00:00 0 
7f0ce732a000-7f0ce73e0000 rw-p 00000000 00:00 0 
7f0ce73e0000-7f0ce73e8000 rw-s 00000000 08:01 6947263                    /tmp/hsperfdata_maxlou/10230
7f0ce73e8000-7f0ce73e9000 rw-p 00000000 00:00 0 
7f0ce73e9000-7f0ce73ea000 r--p 00000000 00:00 0 
7f0ce73ea000-7f0ce73ed000 ---p 00000000 00:00 0 
7f0ce73ed000-7f0ce74eb000 rw-p 00000000 00:00 0                          [stack:10235]
7f0ce74eb000-7f0ce74ec000 r--p 00023000 08:01 3412133                    /lib/x86_64-linux-gnu/ld-2.21.so
7f0ce74ec000-7f0ce74ed000 rw-p 00024000 08:01 3412133                    /lib/x86_64-linux-gnu/ld-2.21.so
7f0ce74ed000-7f0ce74ef000 rw-p 00000000 00:00 0 
7f0ce74ef000-7f0ce74f5000 rw-p 00000000 00:00 0 
7fffbadc1000-7fffbade2000 rw-p 00000000 00:00 0                          [stack]
7fffbade8000-7fffbadea000 r--p 00000000 00:00 0                          [vvar]
7fffbadea000-7fffbadec000 r-xp 00000000 00:00 0                          [vdso]
ffffffffff600000-ffffffffff601000 r-xp 00000000 00:00 0                  [vsyscall]

VM Arguments:
jvm_args: -javaagent:/usr/share/java/jayatanaag.jar -Dfile.encoding=UTF-8 -Xbootclasspath:/home/maxlou/android-sdks/platforms/android-22/android.jar 
java_command: test.Test
Launcher Type: SUN_STANDARD

Environment Variables:
JAVA_TOOL_OPTIONS=-javaagent:/usr/share/java/jayatanaag.jar 
PATH=/usr/local/sbin:/usr/local/bin:/usr/sbin:/usr/bin:/sbin:/bin:/usr/games:/usr/local/games
SHELL=/bin/bash
DISPLAY=:0

Signal Handlers:
SIGSEGV: [libjvm.so+0x98abe0], sa_mask[0]=0x7ffbfeff, sa_flags=0x10000004
SIGBUS: [libjvm.so+0x98abe0], sa_mask[0]=0x7ffbfeff, sa_flags=0x10000004
SIGFPE: [libjvm.so+0x7f8a60], sa_mask[0]=0x7ffbfeff, sa_flags=0x10000004
SIGPIPE: [libjvm.so+0x7f8a60], sa_mask[0]=0x7ffbfeff, sa_flags=0x10000004
SIGXFSZ: [libjvm.so+0x7f8a60], sa_mask[0]=0x7ffbfeff, sa_flags=0x10000004
SIGILL: [libjvm.so+0x7f8a60], sa_mask[0]=0x7ffbfeff, sa_flags=0x10000004
SIGUSR1: SIG_DFL, sa_mask[0]=0x00000000, sa_flags=0x00000000
SIGUSR2: [libjvm.so+0x7f88e0], sa_mask[0]=0x00000004, sa_flags=0x10000004
SIGHUP: SIG_DFL, sa_mask[0]=0x00000000, sa_flags=0x00000000
SIGINT: SIG_DFL, sa_mask[0]=0x00000000, sa_flags=0x00000000
SIGTERM: SIG_DFL, sa_mask[0]=0x00000000, sa_flags=0x00000000
SIGQUIT: SIG_DFL, sa_mask[0]=0x00000000, sa_flags=0x00000000
SIGTRAP: SIG_DFL, sa_mask[0]=0x00000000, sa_flags=0x00000000


---------------  S Y S T E M  ---------------

OS:Ubuntu 15.04 (vivid)
uname:Linux 3.19.0-16-generic #16-Ubuntu SMP Thu Apr 30 16:09:58 UTC 2015 x86_64
libc:glibc 2.21 NPTL 2.21 
rlimit: STACK 8192k, CORE 0k, NPROC 12745, NOFILE 65536, AS infinity
load average:0.70 0.57 0.51

/proc/meminfo:
MemTotal:        3285176 kB
MemFree:          165236 kB
MemAvailable:    1212848 kB
Buffers:          130824 kB
Cached:          1074356 kB
SwapCached:          652 kB
Active:          2110860 kB
Inactive:         802052 kB
Active(anon):    1418184 kB
Inactive(anon):   309532 kB
Active(file):     692676 kB
Inactive(file):   492520 kB
Unevictable:          32 kB
Mlocked:              32 kB
SwapTotal:       3485692 kB
SwapFree:        3484312 kB
Dirty:              1952 kB
Writeback:             0 kB
AnonPages:       1707152 kB
Mapped:           368612 kB
Shmem:             19984 kB
Slab:              95968 kB
SReclaimable:      62688 kB
SUnreclaim:        33280 kB
KernelStack:        8672 kB
PageTables:        33304 kB
NFS_Unstable:          0 kB
Bounce:                0 kB
WritebackTmp:          0 kB
CommitLimit:     5128280 kB
Committed_AS:    5022276 kB
VmallocTotal:   34359738367 kB
VmallocUsed:       96336 kB
VmallocChunk:   34359639020 kB
HardwareCorrupted:     0 kB
AnonHugePages:    780288 kB
CmaTotal:              0 kB
CmaFree:               0 kB
HugePages_Total:       0
HugePages_Free:        0
HugePages_Rsvd:        0
HugePages_Surp:        0
Hugepagesize:       2048 kB
DirectMap4k:      196500 kB
DirectMap2M:     3291136 kB
DirectMap1G:           0 kB


CPU:total 4 (4 cores per cpu, 1 threads per core) family 21 model 48 stepping 1, cmov, cx8, fxsr, mmx, sse, sse2, sse3, ssse3, sse4.1, sse4.2, popcnt, avx, aes, mmxext, 3dnowpref, lzcnt, sse4a, tsc, tscinvbit, tscinv

/proc/cpuinfo:
processor	: 0
vendor_id	: AuthenticAMD
cpu family	: 21
model		: 48
model name	: AMD A8-7100 Radeon R5, 8 Compute Cores 4C+4G
stepping	: 1
microcode	: 0x6003104
cpu MHz		: 1200.000
cache size	: 2048 KB
physical id	: 0
siblings	: 4
core id		: 0
cpu cores	: 4
apicid		: 16
initial apicid	: 0
fpu		: yes
fpu_exception	: yes
cpuid level	: 13
wp		: yes
flags		: fpu vme de pse tsc msr pae mce cx8 apic sep mtrr pge mca cmov pat pse36 clflush mmx fxsr sse sse2 ht syscall nx mmxext fxsr_opt pdpe1gb rdtscp lm constant_tsc rep_good nopl nonstop_tsc extd_apicid aperfmperf eagerfpu pni pclmulqdq monitor ssse3 fma cx16 sse4_1 sse4_2 popcnt aes xsave avx f16c lahf_lm cmp_legacy svm extapic cr8_legacy abm sse4a misalignsse 3dnowprefetch osvw ibs xop skinit wdt lwp fma4 tce nodeid_msr tbm perfctr_core perfctr_nb arat cpb hw_pstate npt lbrv svm_lock nrip_save tsc_scale vmcb_clean flushbyasid decodeassists pausefilter pfthreshold vmmcall fsgsbase bmi1 xsaveopt
bugs		: fxsave_leak
bogomips	: 3593.38
TLB size	: 1536 4K pages
clflush size	: 64
cache_alignment	: 64
address sizes	: 48 bits physical, 48 bits virtual
power management: ts ttp tm 100mhzsteps hwpstate cpb eff_freq_ro [13]

processor	: 1
vendor_id	: AuthenticAMD
cpu family	: 21
model		: 48
model name	: AMD A8-7100 Radeon R5, 8 Compute Cores 4C+4G   
stepping	: 1
microcode	: 0x6003104
cpu MHz		: 1600.000
cache size	: 2048 KB
physical id	: 0
siblings	: 4
core id		: 1
cpu cores	: 4
apicid		: 17
initial apicid	: 1
fpu		: yes
fpu_exception	: yes
cpuid level	: 13
wp		: yes
flags		: fpu vme de pse tsc msr pae mce cx8 apic sep mtrr pge mca cmov pat pse36 clflush mmx fxsr sse sse2 ht syscall nx mmxext fxsr_opt pdpe1gb rdtscp lm constant_tsc rep_good nopl nonstop_tsc extd_apicid aperfmperf eagerfpu pni pclmulqdq monitor ssse3 fma cx16 sse4_1 sse4_2 popcnt aes xsave avx f16c lahf_lm cmp_legacy svm extapic cr8_legacy abm sse4a misalignsse 3dnowprefetch osvw ibs xop skinit wdt lwp fma4 tce nodeid_msr tbm perfctr_core perfctr_nb arat cpb hw_pstate npt lbrv svm_lock nrip_save tsc_scale vmcb_clean flushbyasid decodeassists pausefilter pfthreshold vmmcall fsgsbase bmi1 xsaveopt
bugs		: fxsave_leak
bogomips	: 3593.38
TLB size	: 1536 4K pages
clflush size	: 64
cache_alignment	: 64
address sizes	: 48 bits physical, 48 bits virtual
power management: ts ttp tm 100mhzsteps hwpstate cpb eff_freq_ro [13]

processor	: 2
vendor_id	: AuthenticAMD
cpu family	: 21
model		: 48
model name	: AMD A8-7100 Radeon R5, 8 Compute Cores 4C+4G   
stepping	: 1
microcode	: 0x6003104
cpu MHz		: 1800.000
cache size	: 2048 KB
physical id	: 0
siblings	: 4
core id		: 2
cpu cores	: 4
apicid		: 18
initial apicid	: 2
fpu		: yes
fpu_exception	: yes
cpuid level	: 13
wp		: yes
flags		: fpu vme de pse tsc msr pae mce cx8 apic sep mtrr pge mca cmov pat pse36 clflush mmx fxsr sse sse2 ht syscall nx mmxext fxsr_opt pdpe1gb rdtscp lm constant_tsc rep_good nopl nonstop_tsc extd_apicid aperfmperf eagerfpu pni pclmulqdq monitor ssse3 fma cx16 sse4_1 sse4_2 popcnt aes xsave avx f16c lahf_lm cmp_legacy svm extapic cr8_legacy abm sse4a misalignsse 3dnowprefetch osvw ibs xop skinit wdt lwp fma4 tce nodeid_msr tbm perfctr_core perfctr_nb arat cpb hw_pstate npt lbrv svm_lock nrip_save tsc_scale vmcb_clean flushbyasid decodeassists pausefilter pfthreshold vmmcall fsgsbase bmi1 xsaveopt
bugs		: fxsave_leak
bogomips	: 3593.38
TLB size	: 1536 4K pages
clflush size	: 64
cache_alignment	: 64
address sizes	: 48 bits physical, 48 bits virtual
power management: ts ttp tm 100mhzsteps hwpstate cpb eff_freq_ro [13]

processor	: 3
vendor_id	: AuthenticAMD
cpu family	: 21
model		: 48
model name	: AMD A8-7100 Radeon R5, 8 Compute Cores 4C+4G   
stepping	: 1
microcode	: 0x6003104
cpu MHz		: 1400.000
cache size	: 2048 KB
physical id	: 0
siblings	: 4
core id		: 3
cpu cores	: 4
apicid		: 19
initial apicid	: 3
fpu		: yes
fpu_exception	: yes
cpuid level	: 13
wp		: yes
flags		: fpu vme de pse tsc msr pae mce cx8 apic sep mtrr pge mca cmov pat pse36 clflush mmx fxsr sse sse2 ht syscall nx mmxext fxsr_opt pdpe1gb rdtscp lm constant_tsc rep_good nopl nonstop_tsc extd_apicid aperfmperf eagerfpu pni pclmulqdq monitor ssse3 fma cx16 sse4_1 sse4_2 popcnt aes xsave avx f16c lahf_lm cmp_legacy svm extapic cr8_legacy abm sse4a misalignsse 3dnowprefetch osvw ibs xop skinit wdt lwp fma4 tce nodeid_msr tbm perfctr_core perfctr_nb arat cpb hw_pstate npt lbrv svm_lock nrip_save tsc_scale vmcb_clean flushbyasid decodeassists pausefilter pfthreshold vmmcall fsgsbase bmi1 xsaveopt
bugs		: fxsave_leak
bogomips	: 3593.38
TLB size	: 1536 4K pages
clflush size	: 64
cache_alignment	: 64
address sizes	: 48 bits physical, 48 bits virtual
power management: ts ttp tm 100mhzsteps hwpstate cpb eff_freq_ro [13]



Memory: 4k page, physical 3285176k(165236k free), swap 3485692k(3484312k free)

vm_info: OpenJDK 64-Bit Server VM (24.79-b02) for linux-amd64 JRE (1.7.0_79-b14), built on Apr 15 2015 21:06:31 by "buildd" with gcc 4.9.2

time: Fri May 22 18:41:34 2015
elapsed time: 0 seconds

