#
# A fatal error has been detected by the Java Runtime Environment:
#
#  Internal Error (javaClasses.cpp:139), pid=14238, tid=139921222227712
#  fatal error: Invalid layout of preloaded class
#
# JRE version:  (7.0_75-b13) (build )
# Java VM: OpenJDK 64-Bit Server VM (24.75-b04 mixed mode linux-amd64 compressed oops)
# Derivative: IcedTea 2.5.4
# Distribution: Ubuntu 14.04 LTS, package 7u75-2.5.4-1~trusty1
# Failed to write core dump. Core dumps have been disabled. To enable core dumping, try "ulimit -c unlimited" before starting Java again
#
# If you would like to submit a bug report, please include
# instructions on how to reproduce the bug and visit:
#   http://icedtea.classpath.org/bugzilla
#

---------------  T H R E A D  ---------------

Current thread (0x00007f41ec00a000):  JavaThread "Unknown thread" [_thread_in_vm, id=14243, stack(0x00007f41f2af5000,0x00007f41f2bf6000)]

Stack: [0x00007f41f2af5000,0x00007f41f2bf6000],  sp=0x00007f41f2bf4900,  free space=1022k
Native frames: (J=compiled Java code, j=interpreted, Vv=VM code, C=native code)
V  [libjvm.so+0x94a9d5]  VMError::report_and_die()+0x175
V  [libjvm.so+0x48b8c4]  report_fatal(char const*, int, char const*)+0x54
V  [libjvm.so+0x5e8c60]  compute_offset(int&, klassOopDesc*, Symbol*, Symbol*, bool) [clone .constprop.120]+0xc0
V  [libjvm.so+0x5e8d36]  java_lang_String::compute_offsets()+0x36
V  [libjvm.so+0x8cf47c]  SystemDictionary::initialize_preloaded_classes(Thread*)+0xcc
V  [libjvm.so+0x91ad28]  Universe::genesis(Thread*)+0x468
V  [libjvm.so+0x91b334]  universe2_init()+0x24
V  [libjvm.so+0x59d21a]  init_globals()+0x9a
V  [libjvm.so+0x8fe15f]  Threads::create_vm(JavaVMInitArgs*, bool*)+0x35f
V  [libjvm.so+0x608554]  JNI_CreateJavaVM+0x54
C  [libjli.so+0x2b48]


---------------  P R O C E S S  ---------------

Java Threads: ( => current thread )

Other Threads:

=>0x00007f41ec00a000 (exited) JavaThread "Unknown thread" [_thread_in_vm, id=14243, stack(0x00007f41f2af5000,0x00007f41f2bf6000)]

VM state:not at safepoint (not fully initialized)

VM Mutex/Monitor currently owned by a thread: None

GC Heap History (0 events):
No events

Deoptimization events (0 events):
No events

Internal exceptions (0 events):
No events

Events (10 events):
Event: 0.015 loading class 0x00007f41e5ed3710 done
Event: 0.016 loading class 0x00007f41e5ed3110 done
Event: 0.016 loading class 0x00007f41e5ed30f0
Event: 0.016 loading class 0x00007f41e5edb1a0
Event: 0.016 loading class 0x00007f41e5edb1a0 done
Event: 0.016 loading class 0x00007f41e5edb1d0
Event: 0.016 loading class 0x00007f41e5edb1d0 done
Event: 0.016 loading class 0x00007f41e5edb200
Event: 0.016 loading class 0x00007f41e5edb200 done
Event: 0.017 loading class 0x00007f41e5ed30f0 done


Dynamic libraries:
00400000-00401000 r-xp 00000000 08:01 1451824                            /usr/lib/jvm/java-7-openjdk-amd64/jre/bin/java
00600000-00601000 r--p 00000000 08:01 1451824                            /usr/lib/jvm/java-7-openjdk-amd64/jre/bin/java
00601000-00602000 rw-p 00001000 08:01 1451824                            /usr/lib/jvm/java-7-openjdk-amd64/jre/bin/java
01be6000-01c07000 rw-p 00000000 00:00 0                                  [heap]
c3600000-c4b00000 rw-p 00000000 00:00 0 
c4b00000-cdc00000 rw-p 00000000 00:00 0 
cdc00000-cfd80000 rw-p 00000000 00:00 0 
cfd80000-ef400000 rw-p 00000000 00:00 0 
ef400000-f0500000 rw-p 00000000 00:00 0 
f0500000-100000000 rw-p 00000000 00:00 0 
7f41d0000000-7f41d0021000 rw-p 00000000 00:00 0 
7f41d0021000-7f41d4000000 ---p 00000000 00:00 0 
7f41d8000000-7f41d8021000 rw-p 00000000 00:00 0 
7f41d8021000-7f41dc000000 ---p 00000000 00:00 0 
7f41dc000000-7f41dc021000 rw-p 00000000 00:00 0 
7f41dc021000-7f41e0000000 ---p 00000000 00:00 0 
7f41e0000000-7f41e0021000 rw-p 00000000 00:00 0 
7f41e0021000-7f41e4000000 ---p 00000000 00:00 0 
7f41e5b25000-7f41e5d86000 rw-p 00000000 00:00 0 
7f41e5d86000-7f41e5e5d000 r--s 013fe000 08:01 1708774                    /home/contao/android-sdks/platforms/android-19/android.jar
7f41e5e5d000-7f41e7f63000 rw-p 00000000 00:00 0 
7f41e7f63000-7f41e7f64000 ---p 00000000 00:00 0 
7f41e7f64000-7f41e8064000 rw-p 00000000 00:00 0                          [stack:14247]
7f41e8064000-7f41e8065000 ---p 00000000 00:00 0 
7f41e8065000-7f41e8165000 rw-p 00000000 00:00 0                          [stack:14246]
7f41e8165000-7f41e8166000 ---p 00000000 00:00 0 
7f41e8166000-7f41e8266000 rw-p 00000000 00:00 0                          [stack:14245]
7f41e8266000-7f41e8267000 ---p 00000000 00:00 0 
7f41e8267000-7f41e8372000 rw-p 00000000 00:00 0                          [stack:14244]
7f41e8372000-7f41e83ba000 rw-p 00000000 00:00 0 
7f41e83ba000-7f41e83c5000 rw-p 00000000 00:00 0 
7f41e83c5000-7f41e840d000 rw-p 00000000 00:00 0 
7f41e840d000-7f41e841e000 rw-p 00000000 00:00 0 
7f41e841e000-7f41e8519000 rw-p 00000000 00:00 0 
7f41e8519000-7f41e8522000 rw-p 00000000 00:00 0 
7f41e8522000-7f41e859f000 rw-p 00000000 00:00 0 
7f41e859f000-7f41e85a0000 rw-p 00000000 00:00 0 
7f41e85a0000-7f41e8810000 rwxp 00000000 00:00 0 
7f41e8810000-7f41eb5a0000 rw-p 00000000 00:00 0 
7f41eb5a0000-7f41eb5a8000 r-xp 00000000 08:01 1451820                    /usr/lib/jvm/java-7-openjdk-amd64/jre/lib/amd64/libzip.so
7f41eb5a8000-7f41eb7a7000 ---p 00008000 08:01 1451820                    /usr/lib/jvm/java-7-openjdk-amd64/jre/lib/amd64/libzip.so
7f41eb7a7000-7f41eb7a8000 r--p 00007000 08:01 1451820                    /usr/lib/jvm/java-7-openjdk-amd64/jre/lib/amd64/libzip.so
7f41eb7a8000-7f41eb7a9000 rw-p 00008000 08:01 1451820                    /usr/lib/jvm/java-7-openjdk-amd64/jre/lib/amd64/libzip.so
7f41eb7b0000-7f41eb7bb000 r-xp 00000000 08:01 1572883                    /lib/x86_64-linux-gnu/libnss_files-2.19.so
7f41eb7bb000-7f41eb9ba000 ---p 0000b000 08:01 1572883                    /lib/x86_64-linux-gnu/libnss_files-2.19.so
7f41eb9ba000-7f41eb9bb000 r--p 0000a000 08:01 1572883                    /lib/x86_64-linux-gnu/libnss_files-2.19.so
7f41eb9bb000-7f41eb9bc000 rw-p 0000b000 08:01 1572883                    /lib/x86_64-linux-gnu/libnss_files-2.19.so
7f41eb9c0000-7f41eb9cb000 r-xp 00000000 08:01 1576859                    /lib/x86_64-linux-gnu/libnss_nis-2.19.so
7f41eb9cb000-7f41ebbca000 ---p 0000b000 08:01 1576859                    /lib/x86_64-linux-gnu/libnss_nis-2.19.so
7f41ebbca000-7f41ebbcb000 r--p 0000a000 08:01 1576859                    /lib/x86_64-linux-gnu/libnss_nis-2.19.so
7f41ebbcb000-7f41ebbcc000 rw-p 0000b000 08:01 1576859                    /lib/x86_64-linux-gnu/libnss_nis-2.19.so
7f41ebbd0000-7f41ebbe7000 r-xp 00000000 08:01 1572960                    /lib/x86_64-linux-gnu/libnsl-2.19.so
7f41ebbe7000-7f41ebde6000 ---p 00017000 08:01 1572960                    /lib/x86_64-linux-gnu/libnsl-2.19.so
7f41ebde6000-7f41ebde7000 r--p 00016000 08:01 1572960                    /lib/x86_64-linux-gnu/libnsl-2.19.so
7f41ebde7000-7f41ebde8000 rw-p 00017000 08:01 1572960                    /lib/x86_64-linux-gnu/libnsl-2.19.so
7f41ebde8000-7f41ebdea000 rw-p 00000000 00:00 0 
7f41ebdf0000-7f41ebdf9000 r-xp 00000000 08:01 1572959                    /lib/x86_64-linux-gnu/libnss_compat-2.19.so
7f41ebdf9000-7f41ebff8000 ---p 00009000 08:01 1572959                    /lib/x86_64-linux-gnu/libnss_compat-2.19.so
7f41ebff8000-7f41ebff9000 r--p 00008000 08:01 1572959                    /lib/x86_64-linux-gnu/libnss_compat-2.19.so
7f41ebff9000-7f41ebffa000 rw-p 00009000 08:01 1572959                    /lib/x86_64-linux-gnu/libnss_compat-2.19.so
7f41ec000000-7f41ec056000 rw-p 00000000 00:00 0 
7f41ec056000-7f41f0000000 ---p 00000000 00:00 0 
7f41f0004000-7f41f003d000 rw-p 00000000 00:00 0 
7f41f003d000-7f41f0138000 rw-p 00000000 00:00 0 
7f41f0138000-7f41f0163000 r-xp 00000000 08:01 1451804                    /usr/lib/jvm/java-7-openjdk-amd64/jre/lib/amd64/libjava.so
7f41f0163000-7f41f0363000 ---p 0002b000 08:01 1451804                    /usr/lib/jvm/java-7-openjdk-amd64/jre/lib/amd64/libjava.so
7f41f0363000-7f41f0364000 r--p 0002b000 08:01 1451804                    /usr/lib/jvm/java-7-openjdk-amd64/jre/lib/amd64/libjava.so
7f41f0364000-7f41f0366000 rw-p 0002c000 08:01 1451804                    /usr/lib/jvm/java-7-openjdk-amd64/jre/lib/amd64/libjava.so
7f41f0368000-7f41f0378000 r-xp 00000000 08:01 1451803                    /usr/lib/jvm/java-7-openjdk-amd64/jre/lib/amd64/libverify.so
7f41f0378000-7f41f0577000 ---p 00010000 08:01 1451803                    /usr/lib/jvm/java-7-openjdk-amd64/jre/lib/amd64/libverify.so
7f41f0577000-7f41f0579000 r--p 0000f000 08:01 1451803                    /usr/lib/jvm/java-7-openjdk-amd64/jre/lib/amd64/libverify.so
7f41f0579000-7f41f057a000 rw-p 00011000 08:01 1451803                    /usr/lib/jvm/java-7-openjdk-amd64/jre/lib/amd64/libverify.so
7f41f0580000-7f41f0587000 r-xp 00000000 08:01 1572968                    /lib/x86_64-linux-gnu/librt-2.19.so
7f41f0587000-7f41f0786000 ---p 00007000 08:01 1572968                    /lib/x86_64-linux-gnu/librt-2.19.so
7f41f0786000-7f41f0787000 r--p 00006000 08:01 1572968                    /lib/x86_64-linux-gnu/librt-2.19.so
7f41f0787000-7f41f0788000 rw-p 00007000 08:01 1572968                    /lib/x86_64-linux-gnu/librt-2.19.so
7f41f0788000-7f41f079e000 r-xp 00000000 08:01 1576964                    /lib/x86_64-linux-gnu/libgcc_s.so.1
7f41f079e000-7f41f099d000 ---p 00016000 08:01 1576964                    /lib/x86_64-linux-gnu/libgcc_s.so.1
7f41f099d000-7f41f099e000 rw-p 00015000 08:01 1576964                    /lib/x86_64-linux-gnu/libgcc_s.so.1
7f41f09a0000-7f41f0aa5000 r-xp 00000000 08:01 1572879                    /lib/x86_64-linux-gnu/libm-2.19.so
7f41f0aa5000-7f41f0ca4000 ---p 00105000 08:01 1572879                    /lib/x86_64-linux-gnu/libm-2.19.so
7f41f0ca4000-7f41f0ca5000 r--p 00104000 08:01 1572879                    /lib/x86_64-linux-gnu/libm-2.19.so
7f41f0ca5000-7f41f0ca6000 rw-p 00105000 08:01 1572879                    /lib/x86_64-linux-gnu/libm-2.19.so
7f41f0ca8000-7f41f0d8e000 r-xp 00000000 08:01 1449223                    /usr/lib/x86_64-linux-gnu/libstdc++.so.6.0.19
7f41f0d8e000-7f41f0f8d000 ---p 000e6000 08:01 1449223                    /usr/lib/x86_64-linux-gnu/libstdc++.so.6.0.19
7f41f0f8d000-7f41f0f95000 r--p 000e5000 08:01 1449223                    /usr/lib/x86_64-linux-gnu/libstdc++.so.6.0.19
7f41f0f95000-7f41f0f97000 rw-p 000ed000 08:01 1449223                    /usr/lib/x86_64-linux-gnu/libstdc++.so.6.0.19
7f41f0f97000-7f41f0fac000 rw-p 00000000 00:00 0 
7f41f0fb0000-7f41f1ac8000 r-xp 00000000 08:01 1451809                    /usr/lib/jvm/java-7-openjdk-amd64/jre/lib/amd64/server/libjvm.so
7f41f1ac8000-7f41f1cc8000 ---p 00b18000 08:01 1451809                    /usr/lib/jvm/java-7-openjdk-amd64/jre/lib/amd64/server/libjvm.so
7f41f1cc8000-7f41f1d62000 r--p 00b18000 08:01 1451809                    /usr/lib/jvm/java-7-openjdk-amd64/jre/lib/amd64/server/libjvm.so
7f41f1d62000-7f41f1d85000 rw-p 00bb2000 08:01 1451809                    /usr/lib/jvm/java-7-openjdk-amd64/jre/lib/amd64/server/libjvm.so
7f41f1d85000-7f41f1db3000 rw-p 00000000 00:00 0 
7f41f1db8000-7f41f1dd0000 r-xp 00000000 08:01 1577098                    /lib/x86_64-linux-gnu/libz.so.1.2.8
7f41f1dd0000-7f41f1fcf000 ---p 00018000 08:01 1577098                    /lib/x86_64-linux-gnu/libz.so.1.2.8
7f41f1fcf000-7f41f1fd0000 r--p 00017000 08:01 1577098                    /lib/x86_64-linux-gnu/libz.so.1.2.8
7f41f1fd0000-7f41f1fd1000 rw-p 00018000 08:01 1577098                    /lib/x86_64-linux-gnu/libz.so.1.2.8
7f41f1fd8000-7f41f1ff1000 r-xp 00000000 08:01 1572966                    /lib/x86_64-linux-gnu/libpthread-2.19.so
7f41f1ff1000-7f41f21f0000 ---p 00019000 08:01 1572966                    /lib/x86_64-linux-gnu/libpthread-2.19.so
7f41f21f0000-7f41f21f1000 r--p 00018000 08:01 1572966                    /lib/x86_64-linux-gnu/libpthread-2.19.so
7f41f21f1000-7f41f21f2000 rw-p 00019000 08:01 1572966                    /lib/x86_64-linux-gnu/libpthread-2.19.so
7f41f21f2000-7f41f21f6000 rw-p 00000000 00:00 0 
7f41f21f8000-7f41f21fb000 r-xp 00000000 08:01 1572894                    /lib/x86_64-linux-gnu/libdl-2.19.so
7f41f21fb000-7f41f23fa000 ---p 00003000 08:01 1572894                    /lib/x86_64-linux-gnu/libdl-2.19.so
7f41f23fa000-7f41f23fb000 r--p 00002000 08:01 1572894                    /lib/x86_64-linux-gnu/libdl-2.19.so
7f41f23fb000-7f41f23fc000 rw-p 00003000 08:01 1572894                    /lib/x86_64-linux-gnu/libdl-2.19.so
7f41f2400000-7f41f25bb000 r-xp 00000000 08:01 1572965                    /lib/x86_64-linux-gnu/libc-2.19.so
7f41f25bb000-7f41f27ba000 ---p 001bb000 08:01 1572965                    /lib/x86_64-linux-gnu/libc-2.19.so
7f41f27ba000-7f41f27be000 r--p 001ba000 08:01 1572965                    /lib/x86_64-linux-gnu/libc-2.19.so
7f41f27be000-7f41f27c0000 rw-p 001be000 08:01 1572965                    /lib/x86_64-linux-gnu/libc-2.19.so
7f41f27c0000-7f41f27c5000 rw-p 00000000 00:00 0 
7f41f27c8000-7f41f27d5000 r-xp 00000000 08:01 1451786                    /usr/lib/jvm/java-7-openjdk-amd64/jre/lib/amd64/jli/libjli.so
7f41f27d5000-7f41f29d4000 ---p 0000d000 08:01 1451786                    /usr/lib/jvm/java-7-openjdk-amd64/jre/lib/amd64/jli/libjli.so
7f41f29d4000-7f41f29d5000 r--p 0000c000 08:01 1451786                    /usr/lib/jvm/java-7-openjdk-amd64/jre/lib/amd64/jli/libjli.so
7f41f29d5000-7f41f29d6000 rw-p 0000d000 08:01 1451786                    /usr/lib/jvm/java-7-openjdk-amd64/jre/lib/amd64/jli/libjli.so
7f41f29d8000-7f41f29fb000 r-xp 00000000 08:01 1572962                    /lib/x86_64-linux-gnu/ld-2.19.so
7f41f2a15000-7f41f2a32000 rw-p 00000000 00:00 0 
7f41f2a32000-7f41f2ae8000 rw-p 00000000 00:00 0 
7f41f2ae8000-7f41f2af0000 rw-s 00000000 08:01 3149314                    /tmp/hsperfdata_contao/14238
7f41f2af1000-7f41f2af4000 rw-p 00000000 00:00 0 
7f41f2af4000-7f41f2af5000 r--p 00000000 00:00 0 
7f41f2af5000-7f41f2af8000 ---p 00000000 00:00 0 
7f41f2af8000-7f41f2bfa000 rw-p 00000000 00:00 0                          [stack:14243]
7f41f2bfa000-7f41f2bfb000 r--p 00022000 08:01 1572962                    /lib/x86_64-linux-gnu/ld-2.19.so
7f41f2bfb000-7f41f2bfc000 rw-p 00023000 08:01 1572962                    /lib/x86_64-linux-gnu/ld-2.19.so
7f41f2bfc000-7f41f2bfe000 rw-p 00000000 00:00 0 
7f41f2bfe000-7f41f2c00000 rw-p 00000000 00:00 0 
7fffee853000-7fffee874000 rw-p 00000000 00:00 0                          [stack]
7fffee9d8000-7fffee9da000 r-xp 00000000 00:00 0                          [vdso]
7fffee9da000-7fffee9dc000 r--p 00000000 00:00 0                          [vvar]
ffffffffff600000-ffffffffff601000 r-xp 00000000 00:00 0                  [vsyscall]

VM Arguments:
jvm_args: -Dfile.encoding=UTF-8 -Xbootclasspath:/home/contao/android-sdks/platforms/android-19/android.jar 
java_command: robot.navigate.TestPosition
Launcher Type: SUN_STANDARD

Environment Variables:
PATH=/usr/local/sbin:/usr/local/bin:/usr/sbin:/usr/bin:/sbin:/bin:/usr/games:/usr/local/games
SHELL=/bin/bash
DISPLAY=:0.0

Signal Handlers:
SIGSEGV: [libjvm.so+0x94b4b0], sa_mask[0]=0x7ffbfeff, sa_flags=0x10000004
SIGBUS: [libjvm.so+0x94b4b0], sa_mask[0]=0x7ffbfeff, sa_flags=0x10000004
SIGFPE: [libjvm.so+0x7c3390], sa_mask[0]=0x7ffbfeff, sa_flags=0x10000004
SIGPIPE: [libjvm.so+0x7c3390], sa_mask[0]=0x7ffbfeff, sa_flags=0x10000004
SIGXFSZ: [libjvm.so+0x7c3390], sa_mask[0]=0x7ffbfeff, sa_flags=0x10000004
SIGILL: [libjvm.so+0x7c3390], sa_mask[0]=0x7ffbfeff, sa_flags=0x10000004
SIGUSR1: SIG_DFL, sa_mask[0]=0x00000000, sa_flags=0x00000000
SIGUSR2: [libjvm.so+0x7c3230], sa_mask[0]=0x00000004, sa_flags=0x10000004
SIGHUP: SIG_DFL, sa_mask[0]=0x00000000, sa_flags=0x00000000
SIGINT: SIG_DFL, sa_mask[0]=0x00000000, sa_flags=0x00000000
SIGTERM: SIG_DFL, sa_mask[0]=0x00000000, sa_flags=0x00000000
SIGQUIT: SIG_DFL, sa_mask[0]=0x00000000, sa_flags=0x00000000
SIGTRAP: SIG_DFL, sa_mask[0]=0x00000000, sa_flags=0x00000000


---------------  S Y S T E M  ---------------

OS:Ubuntu 14.04 (trusty)
uname:Linux 3.16.0-33-generic #44~14.04.1-Ubuntu SMP Fri Mar 13 10:33:29 UTC 2015 x86_64
libc:glibc 2.19 NPTL 2.19 
rlimit: STACK 8192k, CORE 0k, NPROC 12751, NOFILE 4096, AS infinity
load average:2.10 2.02 1.62

/proc/meminfo:
MemTotal:        3285864 kB
MemFree:          762896 kB
MemAvailable:    1588100 kB
Buffers:           33440 kB
Cached:           884416 kB
SwapCached:         2804 kB
Active:          1510792 kB
Inactive:         725076 kB
Active(anon):     772884 kB
Inactive(anon):   553544 kB
Active(file):     737908 kB
Inactive(file):   171532 kB
Unevictable:          32 kB
Mlocked:              32 kB
SwapTotal:       3485692 kB
SwapFree:        3450964 kB
Dirty:              1904 kB
Writeback:             0 kB
AnonPages:       1316964 kB
Mapped:           146616 kB
Shmem:              8416 kB
Slab:             197176 kB
SReclaimable:     169156 kB
SUnreclaim:        28020 kB
KernelStack:        6720 kB
PageTables:        23744 kB
NFS_Unstable:          0 kB
Bounce:                0 kB
WritebackTmp:          0 kB
CommitLimit:     5128624 kB
Committed_AS:    3179092 kB
VmallocTotal:   34359738367 kB
VmallocUsed:      101240 kB
VmallocChunk:   34359629688 kB
HardwareCorrupted:     0 kB
AnonHugePages:    796672 kB
HugePages_Total:       0
HugePages_Free:        0
HugePages_Rsvd:        0
HugePages_Surp:        0
Hugepagesize:       2048 kB
DirectMap4k:      102292 kB
DirectMap2M:     3385344 kB
DirectMap1G:           0 kB


CPU:total 4 (4 cores per cpu, 1 threads per core) family 21 model 48 stepping 1, cmov, cx8, fxsr, mmx, sse, sse2, sse3, ssse3, sse4.1, sse4.2, popcnt, avx, aes, mmxext, 3dnowpref, lzcnt, sse4a, tsc, tscinvbit, tscinv

/proc/cpuinfo:
processor	: 0
vendor_id	: AuthenticAMD
cpu family	: 21
model		: 48
model name	: AMD A8-7100 Radeon R5, 8 Compute Cores 4C+4G
stepping	: 1
microcode	: 0x6003104
cpu MHz		: 1100.000
cache size	: 2048 KB
physical id	: 0
siblings	: 4
core id		: 0
cpu cores	: 4
apicid		: 16
initial apicid	: 0
fpu		: yes
fpu_exception	: yes
cpuid level	: 13
wp		: yes
flags		: fpu vme de pse tsc msr pae mce cx8 apic sep mtrr pge mca cmov pat pse36 clflush mmx fxsr sse sse2 ht syscall nx mmxext fxsr_opt pdpe1gb rdtscp lm constant_tsc rep_good nopl nonstop_tsc extd_apicid aperfmperf eagerfpu pni pclmulqdq monitor ssse3 fma cx16 sse4_1 sse4_2 popcnt aes xsave avx f16c lahf_lm cmp_legacy svm extapic cr8_legacy abm sse4a misalignsse 3dnowprefetch osvw ibs xop skinit wdt lwp fma4 tce nodeid_msr tbm perfctr_core perfctr_nb arat cpb xsaveopt hw_pstate npt lbrv svm_lock nrip_save tsc_scale vmcb_clean flushbyasid decodeassists pausefilter pfthreshold vmmcall fsgsbase bmi1
bogomips	: 3593.47
TLB size	: 1536 4K pages
clflush size	: 64
cache_alignment	: 64
address sizes	: 48 bits physical, 48 bits virtual
power management: ts ttp tm 100mhzsteps hwpstate cpb eff_freq_ro [13]

processor	: 1
vendor_id	: AuthenticAMD
cpu family	: 21
model		: 48
model name	: AMD A8-7100 Radeon R5, 8 Compute Cores 4C+4G   
stepping	: 1
microcode	: 0x6003104
cpu MHz		: 1800.000
cache size	: 2048 KB
physical id	: 0
siblings	: 4
core id		: 1
cpu cores	: 4
apicid		: 17
initial apicid	: 1
fpu		: yes
fpu_exception	: yes
cpuid level	: 13
wp		: yes
flags		: fpu vme de pse tsc msr pae mce cx8 apic sep mtrr pge mca cmov pat pse36 clflush mmx fxsr sse sse2 ht syscall nx mmxext fxsr_opt pdpe1gb rdtscp lm constant_tsc rep_good nopl nonstop_tsc extd_apicid aperfmperf eagerfpu pni pclmulqdq monitor ssse3 fma cx16 sse4_1 sse4_2 popcnt aes xsave avx f16c lahf_lm cmp_legacy svm extapic cr8_legacy abm sse4a misalignsse 3dnowprefetch osvw ibs xop skinit wdt lwp fma4 tce nodeid_msr tbm perfctr_core perfctr_nb arat cpb xsaveopt hw_pstate npt lbrv svm_lock nrip_save tsc_scale vmcb_clean flushbyasid decodeassists pausefilter pfthreshold vmmcall fsgsbase bmi1
bogomips	: 3593.47
TLB size	: 1536 4K pages
clflush size	: 64
cache_alignment	: 64
address sizes	: 48 bits physical, 48 bits virtual
power management: ts ttp tm 100mhzsteps hwpstate cpb eff_freq_ro [13]

processor	: 2
vendor_id	: AuthenticAMD
cpu family	: 21
model		: 48
model name	: AMD A8-7100 Radeon R5, 8 Compute Cores 4C+4G   
stepping	: 1
microcode	: 0x6003104
cpu MHz		: 1600.000
cache size	: 2048 KB
physical id	: 0
siblings	: 4
core id		: 2
cpu cores	: 4
apicid		: 18
initial apicid	: 2
fpu		: yes
fpu_exception	: yes
cpuid level	: 13
wp		: yes
flags		: fpu vme de pse tsc msr pae mce cx8 apic sep mtrr pge mca cmov pat pse36 clflush mmx fxsr sse sse2 ht syscall nx mmxext fxsr_opt pdpe1gb rdtscp lm constant_tsc rep_good nopl nonstop_tsc extd_apicid aperfmperf eagerfpu pni pclmulqdq monitor ssse3 fma cx16 sse4_1 sse4_2 popcnt aes xsave avx f16c lahf_lm cmp_legacy svm extapic cr8_legacy abm sse4a misalignsse 3dnowprefetch osvw ibs xop skinit wdt lwp fma4 tce nodeid_msr tbm perfctr_core perfctr_nb arat cpb xsaveopt hw_pstate npt lbrv svm_lock nrip_save tsc_scale vmcb_clean flushbyasid decodeassists pausefilter pfthreshold vmmcall fsgsbase bmi1
bogomips	: 3593.47
TLB size	: 1536 4K pages
clflush size	: 64
cache_alignment	: 64
address sizes	: 48 bits physical, 48 bits virtual
power management: ts ttp tm 100mhzsteps hwpstate cpb eff_freq_ro [13]

processor	: 3
vendor_id	: AuthenticAMD
cpu family	: 21
model		: 48
model name	: AMD A8-7100 Radeon R5, 8 Compute Cores 4C+4G   
stepping	: 1
microcode	: 0x6003104
cpu MHz		: 1800.000
cache size	: 2048 KB
physical id	: 0
siblings	: 4
core id		: 3
cpu cores	: 4
apicid		: 19
initial apicid	: 3
fpu		: yes
fpu_exception	: yes
cpuid level	: 13
wp		: yes
flags		: fpu vme de pse tsc msr pae mce cx8 apic sep mtrr pge mca cmov pat pse36 clflush mmx fxsr sse sse2 ht syscall nx mmxext fxsr_opt pdpe1gb rdtscp lm constant_tsc rep_good nopl nonstop_tsc extd_apicid aperfmperf eagerfpu pni pclmulqdq monitor ssse3 fma cx16 sse4_1 sse4_2 popcnt aes xsave avx f16c lahf_lm cmp_legacy svm extapic cr8_legacy abm sse4a misalignsse 3dnowprefetch osvw ibs xop skinit wdt lwp fma4 tce nodeid_msr tbm perfctr_core perfctr_nb arat cpb xsaveopt hw_pstate npt lbrv svm_lock nrip_save tsc_scale vmcb_clean flushbyasid decodeassists pausefilter pfthreshold vmmcall fsgsbase bmi1
bogomips	: 3593.47
TLB size	: 1536 4K pages
clflush size	: 64
cache_alignment	: 64
address sizes	: 48 bits physical, 48 bits virtual
power management: ts ttp tm 100mhzsteps hwpstate cpb eff_freq_ro [13]



Memory: 4k page, physical 3285864k(762896k free), swap 3485692k(3450964k free)

vm_info: OpenJDK 64-Bit Server VM (24.75-b04) for linux-amd64 JRE (1.7.0_75-b13), built on Jan 27 2015 00:38:59 by "buildd" with gcc 4.8.2

time: Fri Apr 10 13:10:58 2015
elapsed time: 0 seconds

