#
# A fatal error has been detected by the Java Runtime Environment:
#
#  Internal Error (javaClasses.cpp:139), pid=14175, tid=140485748762368
#  fatal error: Invalid layout of preloaded class
#
# JRE version:  (7.0_75-b13) (build )
# Java VM: OpenJDK 64-Bit Server VM (24.75-b04 mixed mode linux-amd64 compressed oops)
# Derivative: IcedTea 2.5.4
# Distribution: Ubuntu 14.04 LTS, package 7u75-2.5.4-1~trusty1
# Failed to write core dump. Core dumps have been disabled. To enable core dumping, try "ulimit -c unlimited" before starting Java again
#
# If you would like to submit a bug report, please include
# instructions on how to reproduce the bug and visit:
#   http://icedtea.classpath.org/bugzilla
#

---------------  T H R E A D  ---------------

Current thread (0x00007fc55c00a000):  JavaThread "Unknown thread" [_thread_in_vm, id=14177, stack(0x00007fc56316a000,0x00007fc56326b000)]

Stack: [0x00007fc56316a000,0x00007fc56326b000],  sp=0x00007fc563269900,  free space=1022k
Native frames: (J=compiled Java code, j=interpreted, Vv=VM code, C=native code)
V  [libjvm.so+0x94a9d5]  VMError::report_and_die()+0x175
V  [libjvm.so+0x48b8c4]  report_fatal(char const*, int, char const*)+0x54
V  [libjvm.so+0x5e8c60]  compute_offset(int&, klassOopDesc*, Symbol*, Symbol*, bool) [clone .constprop.120]+0xc0
V  [libjvm.so+0x5e8d36]  java_lang_String::compute_offsets()+0x36
V  [libjvm.so+0x8cf47c]  SystemDictionary::initialize_preloaded_classes(Thread*)+0xcc
V  [libjvm.so+0x91ad28]  Universe::genesis(Thread*)+0x468
V  [libjvm.so+0x91b334]  universe2_init()+0x24
V  [libjvm.so+0x59d21a]  init_globals()+0x9a
V  [libjvm.so+0x8fe15f]  Threads::create_vm(JavaVMInitArgs*, bool*)+0x35f
V  [libjvm.so+0x608554]  JNI_CreateJavaVM+0x54
C  [libjli.so+0x2b48]


---------------  P R O C E S S  ---------------

Java Threads: ( => current thread )

Other Threads:

=>0x00007fc55c00a000 (exited) JavaThread "Unknown thread" [_thread_in_vm, id=14177, stack(0x00007fc56316a000,0x00007fc56326b000)]

VM state:not at safepoint (not fully initialized)

VM Mutex/Monitor currently owned by a thread: None

GC Heap History (0 events):
No events

Deoptimization events (0 events):
No events

Internal exceptions (0 events):
No events

Events (10 events):
Event: 0.013 loading class 0x00007fc55838e710 done
Event: 0.013 loading class 0x00007fc55838e110 done
Event: 0.013 loading class 0x00007fc55838e0f0
Event: 0.014 loading class 0x00007fc5583961a0
Event: 0.014 loading class 0x00007fc5583961a0 done
Event: 0.014 loading class 0x00007fc5583961d0
Event: 0.014 loading class 0x00007fc5583961d0 done
Event: 0.014 loading class 0x00007fc558396200
Event: 0.014 loading class 0x00007fc558396200 done
Event: 0.014 loading class 0x00007fc55838e0f0 done


Dynamic libraries:
00400000-00401000 r-xp 00000000 08:01 1451824                            /usr/lib/jvm/java-7-openjdk-amd64/jre/bin/java
00600000-00601000 r--p 00000000 08:01 1451824                            /usr/lib/jvm/java-7-openjdk-amd64/jre/bin/java
00601000-00602000 rw-p 00001000 08:01 1451824                            /usr/lib/jvm/java-7-openjdk-amd64/jre/bin/java
00eef000-00f10000 rw-p 00000000 00:00 0                                  [heap]
c3600000-c4b00000 rw-p 00000000 00:00 0 
c4b00000-cdc00000 rw-p 00000000 00:00 0 
cdc00000-cfd80000 rw-p 00000000 00:00 0 
cfd80000-ef400000 rw-p 00000000 00:00 0 
ef400000-f0500000 rw-p 00000000 00:00 0 
f0500000-100000000 rw-p 00000000 00:00 0 
7fc54604f000-7fc548000000 rw-p 00000000 00:00 0 
7fc548000000-7fc548021000 rw-p 00000000 00:00 0 
7fc548021000-7fc54c000000 ---p 00000000 00:00 0 
7fc54c000000-7fc54c021000 rw-p 00000000 00:00 0 
7fc54c021000-7fc550000000 ---p 00000000 00:00 0 
7fc550000000-7fc550021000 rw-p 00000000 00:00 0 
7fc550021000-7fc554000000 ---p 00000000 00:00 0 
7fc554000000-7fc554021000 rw-p 00000000 00:00 0 
7fc554021000-7fc558000000 ---p 00000000 00:00 0 
7fc55813e000-7fc55823e000 rw-p 00000000 00:00 0 
7fc55823e000-7fc558315000 r--s 013fe000 08:01 1708774                    /home/contao/android-sdks/platforms/android-19/android.jar
7fc558318000-7fc5585f6000 rw-p 00000000 00:00 0 
7fc5585f6000-7fc5585f7000 ---p 00000000 00:00 0 
7fc5585f7000-7fc5586f7000 rw-p 00000000 00:00 0                          [stack:14181]
7fc5586f7000-7fc5586f8000 ---p 00000000 00:00 0 
7fc5586f8000-7fc5587f8000 rw-p 00000000 00:00 0                          [stack:14180]
7fc5587f8000-7fc5587f9000 ---p 00000000 00:00 0 
7fc5587f9000-7fc5588f9000 rw-p 00000000 00:00 0                          [stack:14179]
7fc5588f9000-7fc5588fa000 ---p 00000000 00:00 0 
7fc5588fa000-7fc558a05000 rw-p 00000000 00:00 0                          [stack:14178]
7fc558a05000-7fc558a4d000 rw-p 00000000 00:00 0 
7fc558a4d000-7fc558a5e000 rw-p 00000000 00:00 0 
7fc558a5e000-7fc558b59000 rw-p 00000000 00:00 0 
7fc558b59000-7fc558b62000 rw-p 00000000 00:00 0 
7fc558b62000-7fc558bdf000 rw-p 00000000 00:00 0 
7fc558bdf000-7fc558be0000 rw-p 00000000 00:00 0 
7fc558be0000-7fc558e50000 rwxp 00000000 00:00 0 
7fc558e50000-7fc55bbe0000 rw-p 00000000 00:00 0 
7fc55bbe0000-7fc55bbe8000 r-xp 00000000 08:01 1451820                    /usr/lib/jvm/java-7-openjdk-amd64/jre/lib/amd64/libzip.so
7fc55bbe8000-7fc55bde7000 ---p 00008000 08:01 1451820                    /usr/lib/jvm/java-7-openjdk-amd64/jre/lib/amd64/libzip.so
7fc55bde7000-7fc55bde8000 r--p 00007000 08:01 1451820                    /usr/lib/jvm/java-7-openjdk-amd64/jre/lib/amd64/libzip.so
7fc55bde8000-7fc55bde9000 rw-p 00008000 08:01 1451820                    /usr/lib/jvm/java-7-openjdk-amd64/jre/lib/amd64/libzip.so
7fc55bdf0000-7fc55bdfb000 r-xp 00000000 08:01 1572883                    /lib/x86_64-linux-gnu/libnss_files-2.19.so
7fc55bdfb000-7fc55bffa000 ---p 0000b000 08:01 1572883                    /lib/x86_64-linux-gnu/libnss_files-2.19.so
7fc55bffa000-7fc55bffb000 r--p 0000a000 08:01 1572883                    /lib/x86_64-linux-gnu/libnss_files-2.19.so
7fc55bffb000-7fc55bffc000 rw-p 0000b000 08:01 1572883                    /lib/x86_64-linux-gnu/libnss_files-2.19.so
7fc55c000000-7fc55c056000 rw-p 00000000 00:00 0 
7fc55c056000-7fc560000000 ---p 00000000 00:00 0 
7fc560011000-7fc56001c000 rw-p 00000000 00:00 0 
7fc56001c000-7fc560064000 rw-p 00000000 00:00 0 
7fc560064000-7fc560075000 rw-p 00000000 00:00 0 
7fc560075000-7fc560170000 rw-p 00000000 00:00 0 
7fc560170000-7fc56017b000 r-xp 00000000 08:01 1576859                    /lib/x86_64-linux-gnu/libnss_nis-2.19.so
7fc56017b000-7fc56037a000 ---p 0000b000 08:01 1576859                    /lib/x86_64-linux-gnu/libnss_nis-2.19.so
7fc56037a000-7fc56037b000 r--p 0000a000 08:01 1576859                    /lib/x86_64-linux-gnu/libnss_nis-2.19.so
7fc56037b000-7fc56037c000 rw-p 0000b000 08:01 1576859                    /lib/x86_64-linux-gnu/libnss_nis-2.19.so
7fc560380000-7fc560397000 r-xp 00000000 08:01 1572960                    /lib/x86_64-linux-gnu/libnsl-2.19.so
7fc560397000-7fc560596000 ---p 00017000 08:01 1572960                    /lib/x86_64-linux-gnu/libnsl-2.19.so
7fc560596000-7fc560597000 r--p 00016000 08:01 1572960                    /lib/x86_64-linux-gnu/libnsl-2.19.so
7fc560597000-7fc560598000 rw-p 00017000 08:01 1572960                    /lib/x86_64-linux-gnu/libnsl-2.19.so
7fc560598000-7fc56059a000 rw-p 00000000 00:00 0 
7fc5605a0000-7fc5605a9000 r-xp 00000000 08:01 1572959                    /lib/x86_64-linux-gnu/libnss_compat-2.19.so
7fc5605a9000-7fc5607a8000 ---p 00009000 08:01 1572959                    /lib/x86_64-linux-gnu/libnss_compat-2.19.so
7fc5607a8000-7fc5607a9000 r--p 00008000 08:01 1572959                    /lib/x86_64-linux-gnu/libnss_compat-2.19.so
7fc5607a9000-7fc5607aa000 rw-p 00009000 08:01 1572959                    /lib/x86_64-linux-gnu/libnss_compat-2.19.so
7fc5607b0000-7fc5607db000 r-xp 00000000 08:01 1451804                    /usr/lib/jvm/java-7-openjdk-amd64/jre/lib/amd64/libjava.so
7fc5607db000-7fc5609db000 ---p 0002b000 08:01 1451804                    /usr/lib/jvm/java-7-openjdk-amd64/jre/lib/amd64/libjava.so
7fc5609db000-7fc5609dc000 r--p 0002b000 08:01 1451804                    /usr/lib/jvm/java-7-openjdk-amd64/jre/lib/amd64/libjava.so
7fc5609dc000-7fc5609de000 rw-p 0002c000 08:01 1451804                    /usr/lib/jvm/java-7-openjdk-amd64/jre/lib/amd64/libjava.so
7fc5609e0000-7fc5609f0000 r-xp 00000000 08:01 1451803                    /usr/lib/jvm/java-7-openjdk-amd64/jre/lib/amd64/libverify.so
7fc5609f0000-7fc560bef000 ---p 00010000 08:01 1451803                    /usr/lib/jvm/java-7-openjdk-amd64/jre/lib/amd64/libverify.so
7fc560bef000-7fc560bf1000 r--p 0000f000 08:01 1451803                    /usr/lib/jvm/java-7-openjdk-amd64/jre/lib/amd64/libverify.so
7fc560bf1000-7fc560bf2000 rw-p 00011000 08:01 1451803                    /usr/lib/jvm/java-7-openjdk-amd64/jre/lib/amd64/libverify.so
7fc560bf8000-7fc560bff000 r-xp 00000000 08:01 1572968                    /lib/x86_64-linux-gnu/librt-2.19.so
7fc560bff000-7fc560dfe000 ---p 00007000 08:01 1572968                    /lib/x86_64-linux-gnu/librt-2.19.so
7fc560dfe000-7fc560dff000 r--p 00006000 08:01 1572968                    /lib/x86_64-linux-gnu/librt-2.19.so
7fc560dff000-7fc560e00000 rw-p 00007000 08:01 1572968                    /lib/x86_64-linux-gnu/librt-2.19.so
7fc560e00000-7fc560e16000 r-xp 00000000 08:01 1576964                    /lib/x86_64-linux-gnu/libgcc_s.so.1
7fc560e16000-7fc561015000 ---p 00016000 08:01 1576964                    /lib/x86_64-linux-gnu/libgcc_s.so.1
7fc561015000-7fc561016000 rw-p 00015000 08:01 1576964                    /lib/x86_64-linux-gnu/libgcc_s.so.1
7fc561018000-7fc56111d000 r-xp 00000000 08:01 1572879                    /lib/x86_64-linux-gnu/libm-2.19.so
7fc56111d000-7fc56131c000 ---p 00105000 08:01 1572879                    /lib/x86_64-linux-gnu/libm-2.19.so
7fc56131c000-7fc56131d000 r--p 00104000 08:01 1572879                    /lib/x86_64-linux-gnu/libm-2.19.so
7fc56131d000-7fc56131e000 rw-p 00105000 08:01 1572879                    /lib/x86_64-linux-gnu/libm-2.19.so
7fc561320000-7fc561406000 r-xp 00000000 08:01 1449223                    /usr/lib/x86_64-linux-gnu/libstdc++.so.6.0.19
7fc561406000-7fc561605000 ---p 000e6000 08:01 1449223                    /usr/lib/x86_64-linux-gnu/libstdc++.so.6.0.19
7fc561605000-7fc56160d000 r--p 000e5000 08:01 1449223                    /usr/lib/x86_64-linux-gnu/libstdc++.so.6.0.19
7fc56160d000-7fc56160f000 rw-p 000ed000 08:01 1449223                    /usr/lib/x86_64-linux-gnu/libstdc++.so.6.0.19
7fc56160f000-7fc561624000 rw-p 00000000 00:00 0 
7fc561628000-7fc562140000 r-xp 00000000 08:01 1451809                    /usr/lib/jvm/java-7-openjdk-amd64/jre/lib/amd64/server/libjvm.so
7fc562140000-7fc562340000 ---p 00b18000 08:01 1451809                    /usr/lib/jvm/java-7-openjdk-amd64/jre/lib/amd64/server/libjvm.so
7fc562340000-7fc5623da000 r--p 00b18000 08:01 1451809                    /usr/lib/jvm/java-7-openjdk-amd64/jre/lib/amd64/server/libjvm.so
7fc5623da000-7fc5623fd000 rw-p 00bb2000 08:01 1451809                    /usr/lib/jvm/java-7-openjdk-amd64/jre/lib/amd64/server/libjvm.so
7fc5623fd000-7fc56242b000 rw-p 00000000 00:00 0 
7fc562430000-7fc562448000 r-xp 00000000 08:01 1577098                    /lib/x86_64-linux-gnu/libz.so.1.2.8
7fc562448000-7fc562647000 ---p 00018000 08:01 1577098                    /lib/x86_64-linux-gnu/libz.so.1.2.8
7fc562647000-7fc562648000 r--p 00017000 08:01 1577098                    /lib/x86_64-linux-gnu/libz.so.1.2.8
7fc562648000-7fc562649000 rw-p 00018000 08:01 1577098                    /lib/x86_64-linux-gnu/libz.so.1.2.8
7fc562650000-7fc562669000 r-xp 00000000 08:01 1572966                    /lib/x86_64-linux-gnu/libpthread-2.19.so
7fc562669000-7fc562868000 ---p 00019000 08:01 1572966                    /lib/x86_64-linux-gnu/libpthread-2.19.so
7fc562868000-7fc562869000 r--p 00018000 08:01 1572966                    /lib/x86_64-linux-gnu/libpthread-2.19.so
7fc562869000-7fc56286a000 rw-p 00019000 08:01 1572966                    /lib/x86_64-linux-gnu/libpthread-2.19.so
7fc56286a000-7fc56286e000 rw-p 00000000 00:00 0 
7fc562870000-7fc562873000 r-xp 00000000 08:01 1572894                    /lib/x86_64-linux-gnu/libdl-2.19.so
7fc562873000-7fc562a72000 ---p 00003000 08:01 1572894                    /lib/x86_64-linux-gnu/libdl-2.19.so
7fc562a72000-7fc562a73000 r--p 00002000 08:01 1572894                    /lib/x86_64-linux-gnu/libdl-2.19.so
7fc562a73000-7fc562a74000 rw-p 00003000 08:01 1572894                    /lib/x86_64-linux-gnu/libdl-2.19.so
7fc562a78000-7fc562c33000 r-xp 00000000 08:01 1572965                    /lib/x86_64-linux-gnu/libc-2.19.so
7fc562c33000-7fc562e32000 ---p 001bb000 08:01 1572965                    /lib/x86_64-linux-gnu/libc-2.19.so
7fc562e32000-7fc562e36000 r--p 001ba000 08:01 1572965                    /lib/x86_64-linux-gnu/libc-2.19.so
7fc562e36000-7fc562e38000 rw-p 001be000 08:01 1572965                    /lib/x86_64-linux-gnu/libc-2.19.so
7fc562e38000-7fc562e3d000 rw-p 00000000 00:00 0 
7fc562e40000-7fc562e4d000 r-xp 00000000 08:01 1451786                    /usr/lib/jvm/java-7-openjdk-amd64/jre/lib/amd64/jli/libjli.so
7fc562e4d000-7fc56304c000 ---p 0000d000 08:01 1451786                    /usr/lib/jvm/java-7-openjdk-amd64/jre/lib/amd64/jli/libjli.so
7fc56304c000-7fc56304d000 r--p 0000c000 08:01 1451786                    /usr/lib/jvm/java-7-openjdk-amd64/jre/lib/amd64/jli/libjli.so
7fc56304d000-7fc56304e000 rw-p 0000d000 08:01 1451786                    /usr/lib/jvm/java-7-openjdk-amd64/jre/lib/amd64/jli/libjli.so
7fc563050000-7fc563073000 r-xp 00000000 08:01 1572962                    /lib/x86_64-linux-gnu/ld-2.19.so
7fc56308b000-7fc5630aa000 rw-p 00000000 00:00 0 
7fc5630aa000-7fc563160000 rw-p 00000000 00:00 0 
7fc563160000-7fc563168000 rw-s 00000000 08:01 3149314                    /tmp/hsperfdata_contao/14175
7fc563168000-7fc563169000 rw-p 00000000 00:00 0 
7fc563169000-7fc56316a000 r--p 00000000 00:00 0 
7fc56316a000-7fc56316d000 ---p 00000000 00:00 0 
7fc56316d000-7fc563272000 rw-p 00000000 00:00 0                          [stack:14177]
7fc563272000-7fc563273000 r--p 00022000 08:01 1572962                    /lib/x86_64-linux-gnu/ld-2.19.so
7fc563273000-7fc563274000 rw-p 00023000 08:01 1572962                    /lib/x86_64-linux-gnu/ld-2.19.so
7fc563274000-7fc563275000 rw-p 00000000 00:00 0 
7fff22eba000-7fff22edb000 rw-p 00000000 00:00 0                          [stack]
7fff22fb0000-7fff22fb2000 r-xp 00000000 00:00 0                          [vdso]
7fff22fb2000-7fff22fb4000 r--p 00000000 00:00 0                          [vvar]
ffffffffff600000-ffffffffff601000 r-xp 00000000 00:00 0                  [vsyscall]

VM Arguments:
jvm_args: -Dfile.encoding=UTF-8 -Xbootclasspath:/home/contao/android-sdks/platforms/android-19/android.jar 
java_command: robot.navigate.TestPosition
Launcher Type: SUN_STANDARD

Environment Variables:
PATH=/usr/local/sbin:/usr/local/bin:/usr/sbin:/usr/bin:/sbin:/bin:/usr/games:/usr/local/games
SHELL=/bin/bash
DISPLAY=:0.0

Signal Handlers:
SIGSEGV: [libjvm.so+0x94b4b0], sa_mask[0]=0x7ffbfeff, sa_flags=0x10000004
SIGBUS: [libjvm.so+0x94b4b0], sa_mask[0]=0x7ffbfeff, sa_flags=0x10000004
SIGFPE: [libjvm.so+0x7c3390], sa_mask[0]=0x7ffbfeff, sa_flags=0x10000004
SIGPIPE: [libjvm.so+0x7c3390], sa_mask[0]=0x7ffbfeff, sa_flags=0x10000004
SIGXFSZ: [libjvm.so+0x7c3390], sa_mask[0]=0x7ffbfeff, sa_flags=0x10000004
SIGILL: [libjvm.so+0x7c3390], sa_mask[0]=0x7ffbfeff, sa_flags=0x10000004
SIGUSR1: SIG_DFL, sa_mask[0]=0x00000000, sa_flags=0x00000000
SIGUSR2: [libjvm.so+0x7c3230], sa_mask[0]=0x00000004, sa_flags=0x10000004
SIGHUP: SIG_DFL, sa_mask[0]=0x00000000, sa_flags=0x00000000
SIGINT: SIG_DFL, sa_mask[0]=0x00000000, sa_flags=0x00000000
SIGTERM: SIG_DFL, sa_mask[0]=0x00000000, sa_flags=0x00000000
SIGQUIT: SIG_DFL, sa_mask[0]=0x00000000, sa_flags=0x00000000
SIGTRAP: SIG_DFL, sa_mask[0]=0x00000000, sa_flags=0x00000000


---------------  S Y S T E M  ---------------

OS:Ubuntu 14.04 (trusty)
uname:Linux 3.16.0-33-generic #44~14.04.1-Ubuntu SMP Fri Mar 13 10:33:29 UTC 2015 x86_64
libc:glibc 2.19 NPTL 2.19 
rlimit: STACK 8192k, CORE 0k, NPROC 12751, NOFILE 4096, AS infinity
load average:1.98 1.99 1.61

/proc/meminfo:
MemTotal:        3285864 kB
MemFree:          824768 kB
MemAvailable:    1609840 kB
Buffers:           29740 kB
Cached:           848464 kB
SwapCached:         2816 kB
Active:          1471008 kB
Inactive:         703956 kB
Active(anon):     752164 kB
Inactive(anon):   553492 kB
Active(file):     718844 kB
Inactive(file):   150464 kB
Unevictable:          32 kB
Mlocked:              32 kB
SwapTotal:       3485692 kB
SwapFree:        3450932 kB
Dirty:               148 kB
Writeback:             0 kB
AnonPages:       1296220 kB
Mapped:           137744 kB
Shmem:              8384 kB
Slab:             197072 kB
SReclaimable:     169156 kB
SUnreclaim:        27916 kB
KernelStack:        6656 kB
PageTables:        23208 kB
NFS_Unstable:          0 kB
Bounce:                0 kB
WritebackTmp:          0 kB
CommitLimit:     5128624 kB
Committed_AS:    3138608 kB
VmallocTotal:   34359738367 kB
VmallocUsed:      101208 kB
VmallocChunk:   34359629688 kB
HardwareCorrupted:     0 kB
AnonHugePages:    796672 kB
HugePages_Total:       0
HugePages_Free:        0
HugePages_Rsvd:        0
HugePages_Surp:        0
Hugepagesize:       2048 kB
DirectMap4k:      102292 kB
DirectMap2M:     3385344 kB
DirectMap1G:           0 kB


CPU:total 4 (4 cores per cpu, 1 threads per core) family 21 model 48 stepping 1, cmov, cx8, fxsr, mmx, sse, sse2, sse3, ssse3, sse4.1, sse4.2, popcnt, avx, aes, mmxext, 3dnowpref, lzcnt, sse4a, tsc, tscinvbit, tscinv

/proc/cpuinfo:
processor	: 0
vendor_id	: AuthenticAMD
cpu family	: 21
model		: 48
model name	: AMD A8-7100 Radeon R5, 8 Compute Cores 4C+4G
stepping	: 1
microcode	: 0x6003104
cpu MHz		: 1800.000
cache size	: 2048 KB
physical id	: 0
siblings	: 4
core id		: 0
cpu cores	: 4
apicid		: 16
initial apicid	: 0
fpu		: yes
fpu_exception	: yes
cpuid level	: 13
wp		: yes
flags		: fpu vme de pse tsc msr pae mce cx8 apic sep mtrr pge mca cmov pat pse36 clflush mmx fxsr sse sse2 ht syscall nx mmxext fxsr_opt pdpe1gb rdtscp lm constant_tsc rep_good nopl nonstop_tsc extd_apicid aperfmperf eagerfpu pni pclmulqdq monitor ssse3 fma cx16 sse4_1 sse4_2 popcnt aes xsave avx f16c lahf_lm cmp_legacy svm extapic cr8_legacy abm sse4a misalignsse 3dnowprefetch osvw ibs xop skinit wdt lwp fma4 tce nodeid_msr tbm perfctr_core perfctr_nb arat cpb xsaveopt hw_pstate npt lbrv svm_lock nrip_save tsc_scale vmcb_clean flushbyasid decodeassists pausefilter pfthreshold vmmcall fsgsbase bmi1
bogomips	: 3593.47
TLB size	: 1536 4K pages
clflush size	: 64
cache_alignment	: 64
address sizes	: 48 bits physical, 48 bits virtual
power management: ts ttp tm 100mhzsteps hwpstate cpb eff_freq_ro [13]

processor	: 1
vendor_id	: AuthenticAMD
cpu family	: 21
model		: 48
model name	: AMD A8-7100 Radeon R5, 8 Compute Cores 4C+4G   
stepping	: 1
microcode	: 0x6003104
cpu MHz		: 1100.000
cache size	: 2048 KB
physical id	: 0
siblings	: 4
core id		: 1
cpu cores	: 4
apicid		: 17
initial apicid	: 1
fpu		: yes
fpu_exception	: yes
cpuid level	: 13
wp		: yes
flags		: fpu vme de pse tsc msr pae mce cx8 apic sep mtrr pge mca cmov pat pse36 clflush mmx fxsr sse sse2 ht syscall nx mmxext fxsr_opt pdpe1gb rdtscp lm constant_tsc rep_good nopl nonstop_tsc extd_apicid aperfmperf eagerfpu pni pclmulqdq monitor ssse3 fma cx16 sse4_1 sse4_2 popcnt aes xsave avx f16c lahf_lm cmp_legacy svm extapic cr8_legacy abm sse4a misalignsse 3dnowprefetch osvw ibs xop skinit wdt lwp fma4 tce nodeid_msr tbm perfctr_core perfctr_nb arat cpb xsaveopt hw_pstate npt lbrv svm_lock nrip_save tsc_scale vmcb_clean flushbyasid decodeassists pausefilter pfthreshold vmmcall fsgsbase bmi1
bogomips	: 3593.47
TLB size	: 1536 4K pages
clflush size	: 64
cache_alignment	: 64
address sizes	: 48 bits physical, 48 bits virtual
power management: ts ttp tm 100mhzsteps hwpstate cpb eff_freq_ro [13]

processor	: 2
vendor_id	: AuthenticAMD
cpu family	: 21
model		: 48
model name	: AMD A8-7100 Radeon R5, 8 Compute Cores 4C+4G   
stepping	: 1
microcode	: 0x6003104
cpu MHz		: 1200.000
cache size	: 2048 KB
physical id	: 0
siblings	: 4
core id		: 2
cpu cores	: 4
apicid		: 18
initial apicid	: 2
fpu		: yes
fpu_exception	: yes
cpuid level	: 13
wp		: yes
flags		: fpu vme de pse tsc msr pae mce cx8 apic sep mtrr pge mca cmov pat pse36 clflush mmx fxsr sse sse2 ht syscall nx mmxext fxsr_opt pdpe1gb rdtscp lm constant_tsc rep_good nopl nonstop_tsc extd_apicid aperfmperf eagerfpu pni pclmulqdq monitor ssse3 fma cx16 sse4_1 sse4_2 popcnt aes xsave avx f16c lahf_lm cmp_legacy svm extapic cr8_legacy abm sse4a misalignsse 3dnowprefetch osvw ibs xop skinit wdt lwp fma4 tce nodeid_msr tbm perfctr_core perfctr_nb arat cpb xsaveopt hw_pstate npt lbrv svm_lock nrip_save tsc_scale vmcb_clean flushbyasid decodeassists pausefilter pfthreshold vmmcall fsgsbase bmi1
bogomips	: 3593.47
TLB size	: 1536 4K pages
clflush size	: 64
cache_alignment	: 64
address sizes	: 48 bits physical, 48 bits virtual
power management: ts ttp tm 100mhzsteps hwpstate cpb eff_freq_ro [13]

processor	: 3
vendor_id	: AuthenticAMD
cpu family	: 21
model		: 48
model name	: AMD A8-7100 Radeon R5, 8 Compute Cores 4C+4G   
stepping	: 1
microcode	: 0x6003104
cpu MHz		: 1800.000
cache size	: 2048 KB
physical id	: 0
siblings	: 4
core id		: 3
cpu cores	: 4
apicid		: 19
initial apicid	: 3
fpu		: yes
fpu_exception	: yes
cpuid level	: 13
wp		: yes
flags		: fpu vme de pse tsc msr pae mce cx8 apic sep mtrr pge mca cmov pat pse36 clflush mmx fxsr sse sse2 ht syscall nx mmxext fxsr_opt pdpe1gb rdtscp lm constant_tsc rep_good nopl nonstop_tsc extd_apicid aperfmperf eagerfpu pni pclmulqdq monitor ssse3 fma cx16 sse4_1 sse4_2 popcnt aes xsave avx f16c lahf_lm cmp_legacy svm extapic cr8_legacy abm sse4a misalignsse 3dnowprefetch osvw ibs xop skinit wdt lwp fma4 tce nodeid_msr tbm perfctr_core perfctr_nb arat cpb xsaveopt hw_pstate npt lbrv svm_lock nrip_save tsc_scale vmcb_clean flushbyasid decodeassists pausefilter pfthreshold vmmcall fsgsbase bmi1
bogomips	: 3593.47
TLB size	: 1536 4K pages
clflush size	: 64
cache_alignment	: 64
address sizes	: 48 bits physical, 48 bits virtual
power management: ts ttp tm 100mhzsteps hwpstate cpb eff_freq_ro [13]



Memory: 4k page, physical 3285864k(824768k free), swap 3485692k(3450932k free)

vm_info: OpenJDK 64-Bit Server VM (24.75-b04) for linux-amd64 JRE (1.7.0_75-b13), built on Jan 27 2015 00:38:59 by "buildd" with gcc 4.8.2

time: Fri Apr 10 13:10:46 2015
elapsed time: 0 seconds

