#
# A fatal error has been detected by the Java Runtime Environment:
#
#  Internal Error (javaClasses.cpp:139), pid=14274, tid=140429843818240
#  fatal error: Invalid layout of preloaded class
#
# JRE version:  (7.0_75-b13) (build )
# Java VM: OpenJDK 64-Bit Server VM (24.75-b04 mixed mode linux-amd64 compressed oops)
# Derivative: IcedTea 2.5.4
# Distribution: Ubuntu 14.04 LTS, package 7u75-2.5.4-1~trusty1
# Failed to write core dump. Core dumps have been disabled. To enable core dumping, try "ulimit -c unlimited" before starting Java again
#
# If you would like to submit a bug report, please include
# instructions on how to reproduce the bug and visit:
#   http://icedtea.classpath.org/bugzilla
#

---------------  T H R E A D  ---------------

Current thread (0x00007fb85800a000):  JavaThread "Unknown thread" [_thread_in_vm, id=14279, stack(0x00007fb85ee4e000,0x00007fb85ef4f000)]

Stack: [0x00007fb85ee4e000,0x00007fb85ef4f000],  sp=0x00007fb85ef4d900,  free space=1022k
Native frames: (J=compiled Java code, j=interpreted, Vv=VM code, C=native code)
V  [libjvm.so+0x94a9d5]  VMError::report_and_die()+0x175
V  [libjvm.so+0x48b8c4]  report_fatal(char const*, int, char const*)+0x54
V  [libjvm.so+0x5e8c60]  compute_offset(int&, klassOopDesc*, Symbol*, Symbol*, bool) [clone .constprop.120]+0xc0
V  [libjvm.so+0x5e8d36]  java_lang_String::compute_offsets()+0x36
V  [libjvm.so+0x8cf47c]  SystemDictionary::initialize_preloaded_classes(Thread*)+0xcc
V  [libjvm.so+0x91ad28]  Universe::genesis(Thread*)+0x468
V  [libjvm.so+0x91b334]  universe2_init()+0x24
V  [libjvm.so+0x59d21a]  init_globals()+0x9a
V  [libjvm.so+0x8fe15f]  Threads::create_vm(JavaVMInitArgs*, bool*)+0x35f
V  [libjvm.so+0x608554]  JNI_CreateJavaVM+0x54
C  [libjli.so+0x2b48]


---------------  P R O C E S S  ---------------

Java Threads: ( => current thread )

Other Threads:

=>0x00007fb85800a000 (exited) JavaThread "Unknown thread" [_thread_in_vm, id=14279, stack(0x00007fb85ee4e000,0x00007fb85ef4f000)]

VM state:not at safepoint (not fully initialized)

VM Mutex/Monitor currently owned by a thread: None

GC Heap History (0 events):
No events

Deoptimization events (0 events):
No events

Internal exceptions (0 events):
No events

Events (10 events):
Event: 0.035 loading class 0x00007fb854072710 done
Event: 0.035 loading class 0x00007fb854072110 done
Event: 0.035 loading class 0x00007fb8540720f0
Event: 0.035 loading class 0x00007fb85407a1a0
Event: 0.035 loading class 0x00007fb85407a1a0 done
Event: 0.035 loading class 0x00007fb85407a1d0
Event: 0.035 loading class 0x00007fb85407a1d0 done
Event: 0.035 loading class 0x00007fb85407a200
Event: 0.035 loading class 0x00007fb85407a200 done
Event: 0.036 loading class 0x00007fb8540720f0 done


Dynamic libraries:
00400000-00401000 r-xp 00000000 08:01 1451824                            /usr/lib/jvm/java-7-openjdk-amd64/jre/bin/java
00600000-00601000 r--p 00000000 08:01 1451824                            /usr/lib/jvm/java-7-openjdk-amd64/jre/bin/java
00601000-00602000 rw-p 00001000 08:01 1451824                            /usr/lib/jvm/java-7-openjdk-amd64/jre/bin/java
01498000-014b9000 rw-p 00000000 00:00 0                                  [heap]
c3600000-c4b00000 rw-p 00000000 00:00 0 
c4b00000-cdc00000 rw-p 00000000 00:00 0 
cdc00000-cfd80000 rw-p 00000000 00:00 0 
cfd80000-ef400000 rw-p 00000000 00:00 0 
ef400000-f0500000 rw-p 00000000 00:00 0 
f0500000-100000000 rw-p 00000000 00:00 0 
7fb840000000-7fb840021000 rw-p 00000000 00:00 0 
7fb840021000-7fb844000000 ---p 00000000 00:00 0 
7fb845e24000-7fb84605e000 rw-p 00000000 00:00 0 
7fb84605e000-7fb846135000 r--s 013fe000 08:01 1708774                    /home/contao/android-sdks/platforms/android-19/android.jar
7fb84613a000-7fb848000000 rw-p 00000000 00:00 0 
7fb848000000-7fb848021000 rw-p 00000000 00:00 0 
7fb848021000-7fb84c000000 ---p 00000000 00:00 0 
7fb84c000000-7fb84c021000 rw-p 00000000 00:00 0 
7fb84c021000-7fb850000000 ---p 00000000 00:00 0 
7fb850000000-7fb850021000 rw-p 00000000 00:00 0 
7fb850021000-7fb854000000 ---p 00000000 00:00 0 
7fb85404b000-7fb8542da000 rw-p 00000000 00:00 0 
7fb8542da000-7fb8542db000 ---p 00000000 00:00 0 
7fb8542db000-7fb8543db000 rw-p 00000000 00:00 0                          [stack:14283]
7fb8543db000-7fb8543dc000 ---p 00000000 00:00 0 
7fb8543dc000-7fb8544dc000 rw-p 00000000 00:00 0                          [stack:14282]
7fb8544dc000-7fb8544dd000 ---p 00000000 00:00 0 
7fb8544dd000-7fb8545dd000 rw-p 00000000 00:00 0                          [stack:14281]
7fb8545dd000-7fb8545de000 ---p 00000000 00:00 0 
7fb8545de000-7fb8546ef000 rw-p 00000000 00:00 0                          [stack:14280]
7fb8546ef000-7fb8547ea000 rw-p 00000000 00:00 0 
7fb8547ea000-7fb8547f5000 rw-p 00000000 00:00 0 
7fb8547f5000-7fb85483d000 rw-p 00000000 00:00 0 
7fb85483d000-7fb85484e000 rw-p 00000000 00:00 0 
7fb85484e000-7fb854949000 rw-p 00000000 00:00 0 
7fb854949000-7fb854952000 rw-p 00000000 00:00 0 
7fb854952000-7fb8549cf000 rw-p 00000000 00:00 0 
7fb8549cf000-7fb8549d0000 rw-p 00000000 00:00 0 
7fb8549d0000-7fb854c40000 rwxp 00000000 00:00 0 
7fb854c40000-7fb8579d0000 rw-p 00000000 00:00 0 
7fb8579d0000-7fb8579d8000 r-xp 00000000 08:01 1451820                    /usr/lib/jvm/java-7-openjdk-amd64/jre/lib/amd64/libzip.so
7fb8579d8000-7fb857bd7000 ---p 00008000 08:01 1451820                    /usr/lib/jvm/java-7-openjdk-amd64/jre/lib/amd64/libzip.so
7fb857bd7000-7fb857bd8000 r--p 00007000 08:01 1451820                    /usr/lib/jvm/java-7-openjdk-amd64/jre/lib/amd64/libzip.so
7fb857bd8000-7fb857bd9000 rw-p 00008000 08:01 1451820                    /usr/lib/jvm/java-7-openjdk-amd64/jre/lib/amd64/libzip.so
7fb857be0000-7fb857beb000 r-xp 00000000 08:01 1572883                    /lib/x86_64-linux-gnu/libnss_files-2.19.so
7fb857beb000-7fb857dea000 ---p 0000b000 08:01 1572883                    /lib/x86_64-linux-gnu/libnss_files-2.19.so
7fb857dea000-7fb857deb000 r--p 0000a000 08:01 1572883                    /lib/x86_64-linux-gnu/libnss_files-2.19.so
7fb857deb000-7fb857dec000 rw-p 0000b000 08:01 1572883                    /lib/x86_64-linux-gnu/libnss_files-2.19.so
7fb857df0000-7fb857dfb000 r-xp 00000000 08:01 1576859                    /lib/x86_64-linux-gnu/libnss_nis-2.19.so
7fb857dfb000-7fb857ffa000 ---p 0000b000 08:01 1576859                    /lib/x86_64-linux-gnu/libnss_nis-2.19.so
7fb857ffa000-7fb857ffb000 r--p 0000a000 08:01 1576859                    /lib/x86_64-linux-gnu/libnss_nis-2.19.so
7fb857ffb000-7fb857ffc000 rw-p 0000b000 08:01 1576859                    /lib/x86_64-linux-gnu/libnss_nis-2.19.so
7fb858000000-7fb858056000 rw-p 00000000 00:00 0 
7fb858056000-7fb85c000000 ---p 00000000 00:00 0 
7fb85c00d000-7fb85c018000 rw-p 00000000 00:00 0 
7fb85c018000-7fb85c060000 rw-p 00000000 00:00 0 
7fb85c060000-7fb85c077000 r-xp 00000000 08:01 1572960                    /lib/x86_64-linux-gnu/libnsl-2.19.so
7fb85c077000-7fb85c276000 ---p 00017000 08:01 1572960                    /lib/x86_64-linux-gnu/libnsl-2.19.so
7fb85c276000-7fb85c277000 r--p 00016000 08:01 1572960                    /lib/x86_64-linux-gnu/libnsl-2.19.so
7fb85c277000-7fb85c278000 rw-p 00017000 08:01 1572960                    /lib/x86_64-linux-gnu/libnsl-2.19.so
7fb85c278000-7fb85c27a000 rw-p 00000000 00:00 0 
7fb85c280000-7fb85c289000 r-xp 00000000 08:01 1572959                    /lib/x86_64-linux-gnu/libnss_compat-2.19.so
7fb85c289000-7fb85c488000 ---p 00009000 08:01 1572959                    /lib/x86_64-linux-gnu/libnss_compat-2.19.so
7fb85c488000-7fb85c489000 r--p 00008000 08:01 1572959                    /lib/x86_64-linux-gnu/libnss_compat-2.19.so
7fb85c489000-7fb85c48a000 rw-p 00009000 08:01 1572959                    /lib/x86_64-linux-gnu/libnss_compat-2.19.so
7fb85c490000-7fb85c4bb000 r-xp 00000000 08:01 1451804                    /usr/lib/jvm/java-7-openjdk-amd64/jre/lib/amd64/libjava.so
7fb85c4bb000-7fb85c6bb000 ---p 0002b000 08:01 1451804                    /usr/lib/jvm/java-7-openjdk-amd64/jre/lib/amd64/libjava.so
7fb85c6bb000-7fb85c6bc000 r--p 0002b000 08:01 1451804                    /usr/lib/jvm/java-7-openjdk-amd64/jre/lib/amd64/libjava.so
7fb85c6bc000-7fb85c6be000 rw-p 0002c000 08:01 1451804                    /usr/lib/jvm/java-7-openjdk-amd64/jre/lib/amd64/libjava.so
7fb85c6c0000-7fb85c6d0000 r-xp 00000000 08:01 1451803                    /usr/lib/jvm/java-7-openjdk-amd64/jre/lib/amd64/libverify.so
7fb85c6d0000-7fb85c8cf000 ---p 00010000 08:01 1451803                    /usr/lib/jvm/java-7-openjdk-amd64/jre/lib/amd64/libverify.so
7fb85c8cf000-7fb85c8d1000 r--p 0000f000 08:01 1451803                    /usr/lib/jvm/java-7-openjdk-amd64/jre/lib/amd64/libverify.so
7fb85c8d1000-7fb85c8d2000 rw-p 00011000 08:01 1451803                    /usr/lib/jvm/java-7-openjdk-amd64/jre/lib/amd64/libverify.so
7fb85c8d8000-7fb85c8df000 r-xp 00000000 08:01 1572968                    /lib/x86_64-linux-gnu/librt-2.19.so
7fb85c8df000-7fb85cade000 ---p 00007000 08:01 1572968                    /lib/x86_64-linux-gnu/librt-2.19.so
7fb85cade000-7fb85cadf000 r--p 00006000 08:01 1572968                    /lib/x86_64-linux-gnu/librt-2.19.so
7fb85cadf000-7fb85cae0000 rw-p 00007000 08:01 1572968                    /lib/x86_64-linux-gnu/librt-2.19.so
7fb85cae0000-7fb85caf6000 r-xp 00000000 08:01 1576964                    /lib/x86_64-linux-gnu/libgcc_s.so.1
7fb85caf6000-7fb85ccf5000 ---p 00016000 08:01 1576964                    /lib/x86_64-linux-gnu/libgcc_s.so.1
7fb85ccf5000-7fb85ccf6000 rw-p 00015000 08:01 1576964                    /lib/x86_64-linux-gnu/libgcc_s.so.1
7fb85ccf8000-7fb85cdfd000 r-xp 00000000 08:01 1572879                    /lib/x86_64-linux-gnu/libm-2.19.so
7fb85cdfd000-7fb85cffc000 ---p 00105000 08:01 1572879                    /lib/x86_64-linux-gnu/libm-2.19.so
7fb85cffc000-7fb85cffd000 r--p 00104000 08:01 1572879                    /lib/x86_64-linux-gnu/libm-2.19.so
7fb85cffd000-7fb85cffe000 rw-p 00105000 08:01 1572879                    /lib/x86_64-linux-gnu/libm-2.19.so
7fb85d000000-7fb85d0e6000 r-xp 00000000 08:01 1449223                    /usr/lib/x86_64-linux-gnu/libstdc++.so.6.0.19
7fb85d0e6000-7fb85d2e5000 ---p 000e6000 08:01 1449223                    /usr/lib/x86_64-linux-gnu/libstdc++.so.6.0.19
7fb85d2e5000-7fb85d2ed000 r--p 000e5000 08:01 1449223                    /usr/lib/x86_64-linux-gnu/libstdc++.so.6.0.19
7fb85d2ed000-7fb85d2ef000 rw-p 000ed000 08:01 1449223                    /usr/lib/x86_64-linux-gnu/libstdc++.so.6.0.19
7fb85d2ef000-7fb85d304000 rw-p 00000000 00:00 0 
7fb85d308000-7fb85de20000 r-xp 00000000 08:01 1451809                    /usr/lib/jvm/java-7-openjdk-amd64/jre/lib/amd64/server/libjvm.so
7fb85de20000-7fb85e020000 ---p 00b18000 08:01 1451809                    /usr/lib/jvm/java-7-openjdk-amd64/jre/lib/amd64/server/libjvm.so
7fb85e020000-7fb85e0ba000 r--p 00b18000 08:01 1451809                    /usr/lib/jvm/java-7-openjdk-amd64/jre/lib/amd64/server/libjvm.so
7fb85e0ba000-7fb85e0dd000 rw-p 00bb2000 08:01 1451809                    /usr/lib/jvm/java-7-openjdk-amd64/jre/lib/amd64/server/libjvm.so
7fb85e0dd000-7fb85e10b000 rw-p 00000000 00:00 0 
7fb85e110000-7fb85e128000 r-xp 00000000 08:01 1577098                    /lib/x86_64-linux-gnu/libz.so.1.2.8
7fb85e128000-7fb85e327000 ---p 00018000 08:01 1577098                    /lib/x86_64-linux-gnu/libz.so.1.2.8
7fb85e327000-7fb85e328000 r--p 00017000 08:01 1577098                    /lib/x86_64-linux-gnu/libz.so.1.2.8
7fb85e328000-7fb85e329000 rw-p 00018000 08:01 1577098                    /lib/x86_64-linux-gnu/libz.so.1.2.8
7fb85e330000-7fb85e349000 r-xp 00000000 08:01 1572966                    /lib/x86_64-linux-gnu/libpthread-2.19.so
7fb85e349000-7fb85e548000 ---p 00019000 08:01 1572966                    /lib/x86_64-linux-gnu/libpthread-2.19.so
7fb85e548000-7fb85e549000 r--p 00018000 08:01 1572966                    /lib/x86_64-linux-gnu/libpthread-2.19.so
7fb85e549000-7fb85e54a000 rw-p 00019000 08:01 1572966                    /lib/x86_64-linux-gnu/libpthread-2.19.so
7fb85e54a000-7fb85e54e000 rw-p 00000000 00:00 0 
7fb85e550000-7fb85e553000 r-xp 00000000 08:01 1572894                    /lib/x86_64-linux-gnu/libdl-2.19.so
7fb85e553000-7fb85e752000 ---p 00003000 08:01 1572894                    /lib/x86_64-linux-gnu/libdl-2.19.so
7fb85e752000-7fb85e753000 r--p 00002000 08:01 1572894                    /lib/x86_64-linux-gnu/libdl-2.19.so
7fb85e753000-7fb85e754000 rw-p 00003000 08:01 1572894                    /lib/x86_64-linux-gnu/libdl-2.19.so
7fb85e758000-7fb85e913000 r-xp 00000000 08:01 1572965                    /lib/x86_64-linux-gnu/libc-2.19.so
7fb85e913000-7fb85eb12000 ---p 001bb000 08:01 1572965                    /lib/x86_64-linux-gnu/libc-2.19.so
7fb85eb12000-7fb85eb16000 r--p 001ba000 08:01 1572965                    /lib/x86_64-linux-gnu/libc-2.19.so
7fb85eb16000-7fb85eb18000 rw-p 001be000 08:01 1572965                    /lib/x86_64-linux-gnu/libc-2.19.so
7fb85eb18000-7fb85eb1d000 rw-p 00000000 00:00 0 
7fb85eb20000-7fb85eb2d000 r-xp 00000000 08:01 1451786                    /usr/lib/jvm/java-7-openjdk-amd64/jre/lib/amd64/jli/libjli.so
7fb85eb2d000-7fb85ed2c000 ---p 0000d000 08:01 1451786                    /usr/lib/jvm/java-7-openjdk-amd64/jre/lib/amd64/jli/libjli.so
7fb85ed2c000-7fb85ed2d000 r--p 0000c000 08:01 1451786                    /usr/lib/jvm/java-7-openjdk-amd64/jre/lib/amd64/jli/libjli.so
7fb85ed2d000-7fb85ed2e000 rw-p 0000d000 08:01 1451786                    /usr/lib/jvm/java-7-openjdk-amd64/jre/lib/amd64/jli/libjli.so
7fb85ed30000-7fb85ed53000 r-xp 00000000 08:01 1572962                    /lib/x86_64-linux-gnu/ld-2.19.so
7fb85ed6d000-7fb85ed8a000 rw-p 00000000 00:00 0 
7fb85ed8a000-7fb85ee40000 rw-p 00000000 00:00 0 
7fb85ee40000-7fb85ee48000 rw-s 00000000 08:01 3149330                    /tmp/hsperfdata_contao/14274
7fb85ee4a000-7fb85ee4d000 rw-p 00000000 00:00 0 
7fb85ee4d000-7fb85ee4e000 r--p 00000000 00:00 0 
7fb85ee4e000-7fb85ee51000 ---p 00000000 00:00 0 
7fb85ee51000-7fb85ef52000 rw-p 00000000 00:00 0                          [stack:14279]
7fb85ef52000-7fb85ef53000 r--p 00022000 08:01 1572962                    /lib/x86_64-linux-gnu/ld-2.19.so
7fb85ef53000-7fb85ef54000 rw-p 00023000 08:01 1572962                    /lib/x86_64-linux-gnu/ld-2.19.so
7fb85ef54000-7fb85ef56000 rw-p 00000000 00:00 0 
7fb85ef56000-7fb85ef59000 rw-p 00000000 00:00 0 
7fff91247000-7fff91268000 rw-p 00000000 00:00 0                          [stack]
7fff912c8000-7fff912ca000 r-xp 00000000 00:00 0                          [vdso]
7fff912ca000-7fff912cc000 r--p 00000000 00:00 0                          [vvar]
ffffffffff600000-ffffffffff601000 r-xp 00000000 00:00 0                  [vsyscall]

VM Arguments:
jvm_args: -Dfile.encoding=UTF-8 -Xbootclasspath:/home/contao/android-sdks/platforms/android-19/android.jar 
java_command: robot.navigate.TestPosition
Launcher Type: SUN_STANDARD

Environment Variables:
PATH=/usr/local/sbin:/usr/local/bin:/usr/sbin:/usr/bin:/sbin:/bin:/usr/games:/usr/local/games
SHELL=/bin/bash
DISPLAY=:0.0

Signal Handlers:
SIGSEGV: [libjvm.so+0x94b4b0], sa_mask[0]=0x7ffbfeff, sa_flags=0x10000004
SIGBUS: [libjvm.so+0x94b4b0], sa_mask[0]=0x7ffbfeff, sa_flags=0x10000004
SIGFPE: [libjvm.so+0x7c3390], sa_mask[0]=0x7ffbfeff, sa_flags=0x10000004
SIGPIPE: [libjvm.so+0x7c3390], sa_mask[0]=0x7ffbfeff, sa_flags=0x10000004
SIGXFSZ: [libjvm.so+0x7c3390], sa_mask[0]=0x7ffbfeff, sa_flags=0x10000004
SIGILL: [libjvm.so+0x7c3390], sa_mask[0]=0x7ffbfeff, sa_flags=0x10000004
SIGUSR1: SIG_DFL, sa_mask[0]=0x00000000, sa_flags=0x00000000
SIGUSR2: [libjvm.so+0x7c3230], sa_mask[0]=0x00000004, sa_flags=0x10000004
SIGHUP: SIG_DFL, sa_mask[0]=0x00000000, sa_flags=0x00000000
SIGINT: SIG_DFL, sa_mask[0]=0x00000000, sa_flags=0x00000000
SIGTERM: SIG_DFL, sa_mask[0]=0x00000000, sa_flags=0x00000000
SIGQUIT: SIG_DFL, sa_mask[0]=0x00000000, sa_flags=0x00000000
SIGTRAP: SIG_DFL, sa_mask[0]=0x00000000, sa_flags=0x00000000


---------------  S Y S T E M  ---------------

OS:Ubuntu 14.04 (trusty)
uname:Linux 3.16.0-33-generic #44~14.04.1-Ubuntu SMP Fri Mar 13 10:33:29 UTC 2015 x86_64
libc:glibc 2.19 NPTL 2.19 
rlimit: STACK 8192k, CORE 0k, NPROC 12751, NOFILE 4096, AS infinity
load average:2.10 2.02 1.62

/proc/meminfo:
MemTotal:        3285864 kB
MemFree:          735984 kB
MemAvailable:    1560352 kB
Buffers:           33440 kB
Cached:           883560 kB
SwapCached:         2804 kB
Active:          1536040 kB
Inactive:         725460 kB
Active(anon):     799352 kB
Inactive(anon):   553544 kB
Active(file):     736688 kB
Inactive(file):   171916 kB
Unevictable:          32 kB
Mlocked:              32 kB
SwapTotal:       3485692 kB
SwapFree:        3450964 kB
Dirty:              1080 kB
Writeback:             0 kB
AnonPages:       1343436 kB
Mapped:           146664 kB
Shmem:              8416 kB
Slab:             197176 kB
SReclaimable:     169156 kB
SUnreclaim:        28020 kB
KernelStack:        6896 kB
PageTables:        24072 kB
NFS_Unstable:          0 kB
Bounce:                0 kB
WritebackTmp:          0 kB
CommitLimit:     5128624 kB
Committed_AS:    3313664 kB
VmallocTotal:   34359738367 kB
VmallocUsed:      101256 kB
VmallocChunk:   34359629688 kB
HardwareCorrupted:     0 kB
AnonHugePages:    796672 kB
HugePages_Total:       0
HugePages_Free:        0
HugePages_Rsvd:        0
HugePages_Surp:        0
Hugepagesize:       2048 kB
DirectMap4k:      102292 kB
DirectMap2M:     3385344 kB
DirectMap1G:           0 kB


CPU:total 4 (4 cores per cpu, 1 threads per core) family 21 model 48 stepping 1, cmov, cx8, fxsr, mmx, sse, sse2, sse3, ssse3, sse4.1, sse4.2, popcnt, avx, aes, mmxext, 3dnowpref, lzcnt, sse4a, tsc, tscinvbit, tscinv

/proc/cpuinfo:
processor	: 0
vendor_id	: AuthenticAMD
cpu family	: 21
model		: 48
model name	: AMD A8-7100 Radeon R5, 8 Compute Cores 4C+4G
stepping	: 1
microcode	: 0x6003104
cpu MHz		: 1800.000
cache size	: 2048 KB
physical id	: 0
siblings	: 4
core id		: 0
cpu cores	: 4
apicid		: 16
initial apicid	: 0
fpu		: yes
fpu_exception	: yes
cpuid level	: 13
wp		: yes
flags		: fpu vme de pse tsc msr pae mce cx8 apic sep mtrr pge mca cmov pat pse36 clflush mmx fxsr sse sse2 ht syscall nx mmxext fxsr_opt pdpe1gb rdtscp lm constant_tsc rep_good nopl nonstop_tsc extd_apicid aperfmperf eagerfpu pni pclmulqdq monitor ssse3 fma cx16 sse4_1 sse4_2 popcnt aes xsave avx f16c lahf_lm cmp_legacy svm extapic cr8_legacy abm sse4a misalignsse 3dnowprefetch osvw ibs xop skinit wdt lwp fma4 tce nodeid_msr tbm perfctr_core perfctr_nb arat cpb xsaveopt hw_pstate npt lbrv svm_lock nrip_save tsc_scale vmcb_clean flushbyasid decodeassists pausefilter pfthreshold vmmcall fsgsbase bmi1
bogomips	: 3593.47
TLB size	: 1536 4K pages
clflush size	: 64
cache_alignment	: 64
address sizes	: 48 bits physical, 48 bits virtual
power management: ts ttp tm 100mhzsteps hwpstate cpb eff_freq_ro [13]

processor	: 1
vendor_id	: AuthenticAMD
cpu family	: 21
model		: 48
model name	: AMD A8-7100 Radeon R5, 8 Compute Cores 4C+4G   
stepping	: 1
microcode	: 0x6003104
cpu MHz		: 1800.000
cache size	: 2048 KB
physical id	: 0
siblings	: 4
core id		: 1
cpu cores	: 4
apicid		: 17
initial apicid	: 1
fpu		: yes
fpu_exception	: yes
cpuid level	: 13
wp		: yes
flags		: fpu vme de pse tsc msr pae mce cx8 apic sep mtrr pge mca cmov pat pse36 clflush mmx fxsr sse sse2 ht syscall nx mmxext fxsr_opt pdpe1gb rdtscp lm constant_tsc rep_good nopl nonstop_tsc extd_apicid aperfmperf eagerfpu pni pclmulqdq monitor ssse3 fma cx16 sse4_1 sse4_2 popcnt aes xsave avx f16c lahf_lm cmp_legacy svm extapic cr8_legacy abm sse4a misalignsse 3dnowprefetch osvw ibs xop skinit wdt lwp fma4 tce nodeid_msr tbm perfctr_core perfctr_nb arat cpb xsaveopt hw_pstate npt lbrv svm_lock nrip_save tsc_scale vmcb_clean flushbyasid decodeassists pausefilter pfthreshold vmmcall fsgsbase bmi1
bogomips	: 3593.47
TLB size	: 1536 4K pages
clflush size	: 64
cache_alignment	: 64
address sizes	: 48 bits physical, 48 bits virtual
power management: ts ttp tm 100mhzsteps hwpstate cpb eff_freq_ro [13]

processor	: 2
vendor_id	: AuthenticAMD
cpu family	: 21
model		: 48
model name	: AMD A8-7100 Radeon R5, 8 Compute Cores 4C+4G   
stepping	: 1
microcode	: 0x6003104
cpu MHz		: 1800.000
cache size	: 2048 KB
physical id	: 0
siblings	: 4
core id		: 2
cpu cores	: 4
apicid		: 18
initial apicid	: 2
fpu		: yes
fpu_exception	: yes
cpuid level	: 13
wp		: yes
flags		: fpu vme de pse tsc msr pae mce cx8 apic sep mtrr pge mca cmov pat pse36 clflush mmx fxsr sse sse2 ht syscall nx mmxext fxsr_opt pdpe1gb rdtscp lm constant_tsc rep_good nopl nonstop_tsc extd_apicid aperfmperf eagerfpu pni pclmulqdq monitor ssse3 fma cx16 sse4_1 sse4_2 popcnt aes xsave avx f16c lahf_lm cmp_legacy svm extapic cr8_legacy abm sse4a misalignsse 3dnowprefetch osvw ibs xop skinit wdt lwp fma4 tce nodeid_msr tbm perfctr_core perfctr_nb arat cpb xsaveopt hw_pstate npt lbrv svm_lock nrip_save tsc_scale vmcb_clean flushbyasid decodeassists pausefilter pfthreshold vmmcall fsgsbase bmi1
bogomips	: 3593.47
TLB size	: 1536 4K pages
clflush size	: 64
cache_alignment	: 64
address sizes	: 48 bits physical, 48 bits virtual
power management: ts ttp tm 100mhzsteps hwpstate cpb eff_freq_ro [13]

processor	: 3
vendor_id	: AuthenticAMD
cpu family	: 21
model		: 48
model name	: AMD A8-7100 Radeon R5, 8 Compute Cores 4C+4G   
stepping	: 1
microcode	: 0x6003104
cpu MHz		: 1800.000
cache size	: 2048 KB
physical id	: 0
siblings	: 4
core id		: 3
cpu cores	: 4
apicid		: 19
initial apicid	: 3
fpu		: yes
fpu_exception	: yes
cpuid level	: 13
wp		: yes
flags		: fpu vme de pse tsc msr pae mce cx8 apic sep mtrr pge mca cmov pat pse36 clflush mmx fxsr sse sse2 ht syscall nx mmxext fxsr_opt pdpe1gb rdtscp lm constant_tsc rep_good nopl nonstop_tsc extd_apicid aperfmperf eagerfpu pni pclmulqdq monitor ssse3 fma cx16 sse4_1 sse4_2 popcnt aes xsave avx f16c lahf_lm cmp_legacy svm extapic cr8_legacy abm sse4a misalignsse 3dnowprefetch osvw ibs xop skinit wdt lwp fma4 tce nodeid_msr tbm perfctr_core perfctr_nb arat cpb xsaveopt hw_pstate npt lbrv svm_lock nrip_save tsc_scale vmcb_clean flushbyasid decodeassists pausefilter pfthreshold vmmcall fsgsbase bmi1
bogomips	: 3593.47
TLB size	: 1536 4K pages
clflush size	: 64
cache_alignment	: 64
address sizes	: 48 bits physical, 48 bits virtual
power management: ts ttp tm 100mhzsteps hwpstate cpb eff_freq_ro [13]



Memory: 4k page, physical 3285864k(735984k free), swap 3485692k(3450964k free)

vm_info: OpenJDK 64-Bit Server VM (24.75-b04) for linux-amd64 JRE (1.7.0_75-b13), built on Jan 27 2015 00:38:59 by "buildd" with gcc 4.8.2

time: Fri Apr 10 13:11:00 2015
elapsed time: 0 seconds

